Jacobi matrix :
#    0              1              2              3              4              5              6              7              8              9              10             11             12             13            
0    1217404.808295
1    9712.659615017 7690.563081458
2    60345.00861190 44828.67909202 290461.1139297
3    392922.9753062 290623.5795995 2021642.582689 1.475635917255
4    2655227.559033 2021284.143395 1.474549515288 1.112221228131 8.582928109427
5    1.850363409845 1.475090933090 1.112007620934 8.587602137171 6.744484344023 5.372299188149
6    -2057107.08452 1085191.042965 6273873.147782 3.983569278633 2.714543111371 1.949881302928 3.029266162047
7    2864.298252510 -2.13379583086 -39.7427751627 -462.404512737 -4473.61674833 -39592.3753786 -58418.0679946 331242.8439557
8    -655.520064816 10.41552230495 105.6064556788 1006.452233277 9085.561965423 79521.46402284 256764.3452212 10002.16202259 299729.9345207
9    1426951.158760 -42.5481146083 4421.838193405 45903.40368466 305255.9242322 1288046.502139 -4884555.58374 -65090.5909624 217743.3413047 3.050676798847
10   43089.43038758 5707.218509833 28748.72659290 153445.9788555 833348.0279428 4413321.313598 9195486.603288 -144188.022470 177469.2375964 5.383339617589 7.061425494393
11   -17.2457981418 -1.76793449422 -9.40746319782 -55.4042529909 -355.035919175 -2433.29436373 -327.533427734 -0.16614088500 0.011838475577 50.99219272546 2.712329783145 0.006022960487
12   1327.070102638 2270.686396526 15427.34629023 110253.9400086 817881.7828982 6251523.494556 2095335.395612 9564.671966633 963.6188499414 -384269.486545 -139272.909870 -8.40428509729 279686.3106994
13   3267.744761618 -1738.08011152 -11843.7771580 -85086.4832226 -634417.186147 -4867421.53845 -2911002.89949 26.38255855735 -168.582066789 -3209.14251316 -9930.83672442 0.052269750096 -1825.43522320 4314.723550380
Correlation matrix:
#    0              1              2              3              4              5              6              7              8              9              10             11             12             13            
0    1.0           
1    0.762160801646 -1.0          
2    -0.42185192599 0.918041470858 -1.0          
3    -0.34053447010 -0.96871762323 1.102234931776 -1.0          
4    1.660253648984 1.328036775204 -1.33550608256 0.761788550184 -1.0          
5    -1.92277332978 -1.42973330355 1.530082661498 -0.60737485333 0.969778146419 -1.0          
6    -0.49008840298 0.574800054939 -0.01384235590 -0.46785350150 1.107642076041 -1.37965174365 -1.0          
7    0.368889210102 -0.24124076220 0.111852580901 -0.06788190732 -0.00494173325 -0.02930086851 -0.19077501311 1.0           
8    -0.06526855166 -1.45412056112 0.703849867804 0.270274770762 -2.01422218834 2.231248633667 0.143657688746 2.182735574958 1.0           
9    0.456153813895 0.406927580639 -0.21032623470 -0.18795374177 0.888082143116 -1.01450429914 -0.30048619474 0.285642640002 2.646145699145 -1.0          
10   -11.2243258539 -2.58605441342 1.478714615349 3.577170542825 -12.4877907962 14.70925282741 6.839255767516 -13.9806371696 8.724719443275 10.54624329014 -1.0          
11   0.554039840861 -0.31537810916 0.125304300466 -0.06860963441 -0.02177431233 -0.02289140934 -0.23039965588 1.026931872187 1.671649531619 0.486183597788 -15.7540416438 1.0           
12   -1.05461111629 0.577688067412 -0.25660620881 0.192042749925 -0.06414821564 0.159563592034 0.569019061860 0.410303854319 2.311337313610 -0.62219387286 3.370037177302 -2.62817893986 -1.0          
13   1.054486665092 -0.57769485206 0.256611043436 -0.19200548859 0.064043983827 -0.15943700548 -0.56900560838 -0.41030303683 -2.31119159668 0.622123546585 -3.36905836342 -0.66201716413 1.000000003665 -1.0          
Correlation matrix from Choleski decomposition :
#    0              1              2              3              4              5              6              7              8              9              10             11             12             13            
0    1.0           
1    0.762160801646 -1.0          
2    -0.42185192599 0.918041470858 -1.0          
3    -0.34053447010 -0.96871762323 1.102234931776 -1.0          
4    1.660253648984 1.328036775204 -1.33550608256 0.761788550184 -1.0          
5    -1.92277332978 -1.42973330355 1.530082661498 -0.60737485333 0.969778146419 -1.0          
6    -0.49008840298 0.574800054939 -0.01384235590 -0.46785350150 1.107642076041 -1.37965174365 -1.0          
7    0.368889210102 -0.24124076220 0.111852580901 -0.06788190732 -0.00494173325 -0.02930086851 -0.19077501311 1.0           
8    -0.06526855166 -1.45412056112 0.703849867804 0.270274770762 -2.01422218834 2.231248633667 0.143657688746 2.182735574958 1.0           
9    0.456153813895 0.406927580639 -0.21032623470 -0.18795374177 0.888082143116 -1.01450429914 -0.30048619474 0.285642640002 2.646145699145 -1.0          
10   -11.2243258539 -2.58605441342 1.478714615349 3.577170542825 -12.4877907962 14.70925282741 6.839255767516 -13.9806371696 8.724719443275 10.54624329014 -1.0          
11   0.554039840861 -0.31537810916 0.125304300466 -0.06860963441 -0.02177431233 -0.02289140934 -0.23039965588 1.026931872187 1.671649531619 0.486183597788 -15.7540416438 1.0           
12   -1.05461111629 0.577688067412 -0.25660620881 0.192042749925 -0.06414821564 0.159563592034 0.569019061860 0.410303854319 2.311337313610 -0.62219387286 3.370037177302 -2.62817893986 -1.0          
13   1.054486665092 -0.57769485206 0.256611043436 -0.19200548859 0.064043983827 -0.15943700548 -0.56900560838 -0.41030303683 -2.31119159668 0.622123546585 -3.36905836342 -0.66201716413 1.000000003665 -1.0          
