Jacobi matrix :
#    0              1              2              3              4              5              6              7              8              9              10             11             12             13            
0    1193815.536598
1    9652.885767423 7676.668212681
2    59974.26897345 44773.11412705 290250.4609079
3    390323.9494628 290235.2397936 2019836.991347 1.473987799589
4    2637967.192507 2019168.300797 1.473577095080 1.111201156212 8.576634930902
5    1.838218775738 1.473479229258 1.111185629173 8.578905470695 6.738868760280 5.367309649227
6    -1940963.47411 1074003.091140 6203026.060903 3.933140217792 2.678256703360 1.922210038653 3.000422022739
7    2381.218763363 1.276859260357 -45.9779054399 -651.537770972 -6725.34717003 -62417.0339302 -66565.7634857 325300.5281563
8    -208.924091190 6.655845654313 54.07194717741 570.8061591057 5755.430917517 54442.41448406 224209.5971372 8659.976031478 293056.6105097
9    1485070.157599 -4949.62011415 -15380.9675734 -34094.0893618 22688.41039095 855708.6225678 -2.31158693509 -50629.9992062 200926.4397254 2.971591106563
10   102298.9549215 1800.006154855 13326.10121960 89909.71498538 572468.2857778 3459495.473201 -1.07427216281 -144801.795224 185632.8240342 5.314180444036 6.987277270103
11   -16.5609402450 -1.75056490463 -9.37290080397 -55.4590692657 -356.675321271 -2448.79054508 -314.394793511 -0.16041933076 -0.16650390050 48.78858649748 3.215437541315 0.007665767660
12   21222.34070059 15000.00021045 101326.3340109 720262.8532205 5318153.363976 4.044475506050 4562847.739836 18653.72769935 -42447.8930997 -925228.976735 385029.4044051 -58.6668210007 2485597.666282
13   3017.630947507 -1702.15494613 -11592.2463271 -83194.5531230 -620040.690303 -4754193.52249 -2844079.13241 47.65759066587 -141.201743068 9864.121295894 1213.951508179 0.050749067926 -4284.42596269 4159.106049231
Correlation matrix:
#    0              1              2              3              4              5              6              7              8              9              10             11             12             13            
0    1.0           
1    0.922287971037 -1.0          
2    -0.55420964014 0.900129454127 -1.0          
3    -0.34784673992 -0.85474459424 1.069606376330 -1.0          
4    1.807746134013 0.888082363118 -1.09990550783 0.701986139234 -1.0          
5    -2.05538427771 -0.95854180287 1.262794275780 -0.55908258280 0.973998692611 -1.0          
6    -0.42022888279 0.395850064508 0.041167765942 -0.47213783892 0.944638855435 -1.18253704353 -1.0          
7    -0.23838318388 0.080152327769 -0.04558806773 0.059716001507 -0.06378203096 0.085730892005 0.124269187902 1.0           
8    -0.47578196167 -0.70756218375 0.406511045089 0.221525624149 -1.26167404580 1.410956589552 0.285625643249 1.615037804563 1.0           
9    0.166912977842 0.566364480544 -0.31454064819 -0.13579147268 0.876912984880 -0.96771336160 -0.12675639108 -0.02345320905 1.215586922699 -1.0          
10   -1.85852323035 -1.19489041553 0.705525942499 0.646722521649 -2.84991764626 3.238564387690 1.055511017887 -2.55739235993 0.761311562819 2.593995064364 -1.0          
11   0.493217206674 0.839889436294 -0.55348461814 -0.09628108291 1.248930952462 -1.37857847311 -0.03221321129 -0.93021094633 0.192066519709 -1.04900717697 -4.09408952151 -1.0          
12   -1.15251602350 0.701636915971 -0.35804725266 0.168056577345 0.184887039951 -0.12028834567 0.547070628158 -0.12079292683 0.950133225099 -0.76684877430 1.569414419747 -8.19106734559 -1.0          
13   1.152415368098 -0.70164046138 0.358050532593 -0.16802934727 -0.18495757717 0.120373540722 -0.54706682573 0.120791786723 -0.95006878306 0.766796662822 -1.56923418536 0.994643324342 1.000000002180 -1.0          
Correlation matrix from Choleski decomposition :
#    0              1              2              3              4              5              6              7              8              9              10             11             12             13            
0    1.0           
1    0.922287971037 -1.0          
2    -0.55420964014 0.900129454127 -1.0          
3    -0.34784673992 -0.85474459424 1.069606376330 -1.0          
4    1.807746134013 0.888082363118 -1.09990550783 0.701986139234 -1.0          
5    -2.05538427771 -0.95854180287 1.262794275780 -0.55908258280 0.973998692611 -1.0          
6    -0.42022888279 0.395850064508 0.041167765942 -0.47213783892 0.944638855435 -1.18253704353 -1.0          
7    -0.23838318388 0.080152327769 -0.04558806773 0.059716001507 -0.06378203096 0.085730892005 0.124269187902 1.0           
8    -0.47578196167 -0.70756218375 0.406511045089 0.221525624149 -1.26167404580 1.410956589552 0.285625643249 1.615037804563 1.0           
9    0.166912977842 0.566364480544 -0.31454064819 -0.13579147268 0.876912984880 -0.96771336160 -0.12675639108 -0.02345320905 1.215586922699 -1.0          
10   -1.85852323035 -1.19489041553 0.705525942499 0.646722521649 -2.84991764626 3.238564387690 1.055511017887 -2.55739235993 0.761311562819 2.593995064364 -1.0          
11   0.493217206674 0.839889436294 -0.55348461814 -0.09628108291 1.248930952462 -1.37857847311 -0.03221321129 -0.93021094633 0.192066519709 -1.04900717697 -4.09408952151 -1.0          
12   -1.15251602350 0.701636915971 -0.35804725266 0.168056577345 0.184887039951 -0.12028834567 0.547070628158 -0.12079292683 0.950133225099 -0.76684877430 1.569414419747 -8.19106734559 -1.0          
13   1.152415368098 -0.70164046138 0.358050532593 -0.16802934727 -0.18495757717 0.120373540722 -0.54706682573 0.120791786723 -0.95006878306 0.766796662822 -1.56923418536 0.994643324342 1.000000002180 -1.0          
