Jacobi matrix :
#    0              1              2              3              4              5              6              7              8              9              10             11             12             13            
0    1293338.095833
1    9249.391501748 7799.328613486
2    58591.23787539 45421.68047801 294287.8402388
3    385717.0480366 294261.7544074 2047666.063741 1.494370930972
4    2626260.924387 2048496.954830 1.495109836225 1.127528254003 8.709762344355
5    1.837126767539 1.494854701940 1.127435782496 8.704743894700 6.842898018409 5.449364275838
6    -4519079.21959 1059149.533899 6101818.999011 3.861112700983 2.627321269368 1.883541306885 2.961027647968
7    1817.218134974 -3.49948157710 -52.4817273473 -547.440111047 -5045.05354623 -43925.9002743 38092.51117805 388077.7666374
8    -219.590181947 -65.2585854322 -391.600728017 -2506.02782181 -17041.5816173 -121801.975335 -26776.6558171 11782.75986281 347458.4840067
9    1381254.143450 1940.665267548 20072.28062886 161532.9411062 1138321.947953 7254165.627696 -4356328.66601 -74301.1713276 248123.4445735 3.511575988984
10   33773.15861572 3511.414378158 15859.76420356 72411.08407276 297669.1243454 712890.3643146 9229402.797685 -165756.107365 205334.0975364 6.126177682850 8.164441266421
11   -17.8200412800 -1.93699479815 -10.3163279580 -60.7660617384 -389.747552652 -2668.81343988 -337.942800775 -0.20525708069 0.105323044348 55.63981620994 6.744712712646 0.007767140259
12   -4557.53382868 592.3646252527 3909.673264453 27180.32427288 196414.2085972 1460028.523098 639664.6451858 -1219.65512819 -2262.04946570 -98225.4136386 61726.52849556 -2.29163646514 75540.95062662
13   5642.585921770 -1828.94649262 -12438.0249721 -89172.6185631 -664627.684310 -5093081.52781 -3053101.08235 -24.4633704592 89.25533675555 -10963.6098731 -7826.51969472 0.064063490467 -542.762345495 4848.504247413
Correlation matrix:
#    0              1              2              3              4              5              6              7              8              9              10             11             12             13            
0    1.0           
1    0.867931376982 -1.0          
2    -0.33577074284 1.006135095526 -1.0          
3    -0.43789249969 -1.39751668186 1.199832740146 -1.0          
4    3.408497290907 4.583062072143 -3.03597619885 1.111489899238 -1.0          
5    -7.00086170863 -8.67479920523 6.012367724982 -1.16160850504 0.466888080521 1.0           
6    -0.92158168970 0.706316871392 -0.00517747826 -0.39109316219 1.731351605609 -3.76644316337 -1.0          
7    -0.26840221489 0.113584067051 -0.05328205110 0.078546194750 -0.17937747309 0.441571835298 0.256912426703 1.0           
8    -0.60710141898 -0.26482953451 0.079200682150 0.273217474740 -1.72393900770 3.577123864541 0.661320399576 1.424384585966 1.0           
9    0.276555050218 0.382860992175 -0.14586344265 -0.15113823353 1.337422879935 -2.68726488222 -0.33915988870 -0.11381928504 0.857287056361 -1.0          
10   -0.50706905924 -0.60085546768 0.219837689469 0.278738918450 -2.30191387626 4.647408817929 0.617355132723 -1.20089493737 0.336953865538 1.635697880941 -1.0          
11   1.812859067293 -0.84596820780 0.379099932672 -0.50911363539 1.315700638818 -3.30645080033 -1.65839040662 -2.09327642526 -2.55285409505 0.416024339982 -0.74227346190 -1.0          
12   -0.72831564435 0.377394781120 -0.18188325034 0.225514062520 -0.45043342012 1.154761761634 0.683645343657 -0.32606395754 0.090892794707 -0.46187473336 0.691032755277 -6.49697165299 -1.0          
13   0.728169439907 -0.37744660659 0.181895861045 -0.22544768496 0.450067102191 -1.15399151746 -0.68360235949 0.326063012451 -0.09083015495 0.461812415176 -0.69091837567 -2.63659066581 1.000000007002 -1.0          
Correlation matrix from Choleski decomposition :
#    0              1              2              3              4              5              6              7              8              9              10             11             12             13            
0    1.0           
1    0.867931376982 -1.0          
2    -0.33577074284 1.006135095526 -1.0          
3    -0.43789249969 -1.39751668186 1.199832740146 -1.0          
4    3.408497290907 4.583062072143 -3.03597619885 1.111489899238 -1.0          
5    -7.00086170863 -8.67479920523 6.012367724982 -1.16160850504 0.466888080521 1.0           
6    -0.92158168970 0.706316871392 -0.00517747826 -0.39109316219 1.731351605609 -3.76644316337 -1.0          
7    -0.26840221489 0.113584067051 -0.05328205110 0.078546194750 -0.17937747309 0.441571835298 0.256912426703 1.0           
8    -0.60710141898 -0.26482953451 0.079200682150 0.273217474740 -1.72393900770 3.577123864541 0.661320399576 1.424384585966 1.0           
9    0.276555050218 0.382860992175 -0.14586344265 -0.15113823353 1.337422879935 -2.68726488222 -0.33915988870 -0.11381928504 0.857287056361 -1.0          
10   -0.50706905924 -0.60085546768 0.219837689469 0.278738918450 -2.30191387626 4.647408817929 0.617355132723 -1.20089493737 0.336953865538 1.635697880941 -1.0          
11   1.812859067293 -0.84596820780 0.379099932672 -0.50911363539 1.315700638818 -3.30645080033 -1.65839040662 -2.09327642526 -2.55285409505 0.416024339982 -0.74227346190 -1.0          
12   -0.72831564435 0.377394781120 -0.18188325034 0.225514062520 -0.45043342012 1.154761761634 0.683645343657 -0.32606395754 0.090892794707 -0.46187473336 0.691032755277 -6.49697165299 -1.0          
13   0.728169439907 -0.37744660659 0.181895861045 -0.22544768496 0.450067102191 -1.15399151746 -0.68360235949 0.326063012451 -0.09083015495 0.461812415176 -0.69091837567 -2.63659066581 1.000000007002 -1.0          
