Jacobi matrix :
#    0              1              2              3              4              5              6              7              8              9              10             11             12             13            
0    1280096.531150
1    8988.125804117 7685.663951931
2    56931.30563079 44836.29545421 290743.8870949
3    373998.5821313 290317.3851249 2021131.900519 1.473454912626
4    2541600.110649 2019863.842896 1.474693745169 1.110966062371 8.576238595692
5    1.776477620349 1.474405361771 1.112380596101 8.579944526254 6.740821805123 5.370648637905
6    -4673426.87548 1052335.743497 6069898.275130 3.839931013206 2.613012033809 1.875204552963 2.956341186840
7    1173.287504136 11.25528652679 29.86755044394 -68.6768971909 -2070.75316545 -23945.9015517 17052.12500245 386486.3498655
8    -688.168220147 -45.8055016609 -204.870993805 -866.577416807 -3042.93171229 -3340.47751437 55.67129344999 11451.74270048 348762.9034711
9    1360427.697010 505.3714107671 17542.34057838 171300.4560694 1326810.595897 9252765.723707 -9367670.84291 -81247.6185211 245163.6498535 3.513913182423
10   58835.46864784 1004.105193690 2631.675772552 -7424.23740273 -243731.909300 -3267249.56929 -2615398.50928 -170323.606775 211800.6490301 6.143960948841 8.140794215100
11   -17.2895603932 -2.11380173146 -10.7005746743 -60.8997673240 -383.070598439 -2599.87110494 -331.005234296 -0.24914118057 0.092198108853 55.95853657698 7.806141507474 0.094129783383
12   2082.877136682 440.4434361233 2969.645666582 21089.46847928 156107.8775029 1192539.246764 375254.3775541 -1409.29849909 588.5427819506 117166.0166955 -44476.8470506 -1.52625148768 44119.96074347
13   5835.856750935 -1822.02840756 -12404.1117554 -88899.1910582 -662588.454746 -5082537.41628 -3059984.90969 -33.7032133933 56.10614120251 -11013.9051186 -409.185428463 0.051613776291 -407.692344452 4880.118271004
Correlation matrix:
#    0              1              2              3              4              5              6              7              8              9              10             11             12             13            
0    1.0           
1    0.902661918014 -1.0          
2    -0.33636777742 1.007521314328 -1.0          
3    -0.45809094829 -1.40956131890 1.202412954899 -1.0          
4    3.894495018780 5.143960236141 -3.36779773517 1.199695093584 -1.0          
5    -5.20808910304 -6.38988953454 4.367043214111 -0.79402685304 0.039126319023 1.0           
6    -0.93170465080 0.639885593579 0.017550511151 -0.38253707954 1.813570554748 -2.59925649804 -1.0          
7    -0.08704371012 0.036439016313 -0.01784454660 0.025667604623 -0.04602916814 0.079513868816 0.084330306078 1.0           
8    -0.50820006461 -0.30027161384 0.099839311505 0.230046396110 -1.75500642980 2.363904827505 0.575236133187 1.340796775853 1.0           
9    0.309643897802 0.402384215362 -0.15242896116 -0.16152879403 1.549516566662 -2.03790634468 -0.37382245766 -0.00957773744 0.879821248118 -1.0          
10   -0.26713897388 -0.61633250339 0.240063516027 0.175462613648 -2.01913329467 2.615641145735 0.369497955656 -1.00303339562 0.177758327890 1.424438289465 -1.0          
11   1.026186370582 -0.18818939321 0.101708051473 -0.31988648245 1.338437720516 -1.97626034445 -0.89938484663 -0.36478528863 -1.23420796546 0.360370617354 0.530837390618 -1.0          
12   -0.71390539275 0.427660451884 -0.20940119379 0.225892333658 -0.42967059371 0.760360722046 0.699537504498 -0.11185287038 0.167592301920 -0.40888989970 0.755086706210 -3.84739482900 -1.0          
13   0.713384477685 -0.42775045313 0.209343415237 -0.22553869465 0.427926611185 -0.75802560879 -0.69939184048 0.111834869246 -0.16739432847 0.408665522774 -0.75474887604 -1.01383764825 1.000000082367 -1.0          
Correlation matrix from Choleski decomposition :
#    0              1              2              3              4              5              6              7              8              9              10             11             12             13            
0    1.0           
1    0.902661918014 -1.0          
2    -0.33636777742 1.007521314328 -1.0          
3    -0.45809094829 -1.40956131890 1.202412954899 -1.0          
4    3.894495018780 5.143960236141 -3.36779773517 1.199695093584 -1.0          
5    -5.20808910304 -6.38988953454 4.367043214111 -0.79402685304 0.039126319023 1.0           
6    -0.93170465080 0.639885593579 0.017550511151 -0.38253707954 1.813570554748 -2.59925649804 -1.0          
7    -0.08704371012 0.036439016313 -0.01784454660 0.025667604623 -0.04602916814 0.079513868816 0.084330306078 1.0           
8    -0.50820006461 -0.30027161384 0.099839311505 0.230046396110 -1.75500642980 2.363904827505 0.575236133187 1.340796775853 1.0           
9    0.309643897802 0.402384215362 -0.15242896116 -0.16152879403 1.549516566662 -2.03790634468 -0.37382245766 -0.00957773744 0.879821248118 -1.0          
10   -0.26713897388 -0.61633250339 0.240063516027 0.175462613648 -2.01913329467 2.615641145735 0.369497955656 -1.00303339562 0.177758327890 1.424438289465 -1.0          
11   1.026186370582 -0.18818939321 0.101708051473 -0.31988648245 1.338437720516 -1.97626034445 -0.89938484663 -0.36478528863 -1.23420796546 0.360370617354 0.530837390618 -1.0          
12   -0.71390539275 0.427660451884 -0.20940119379 0.225892333658 -0.42967059371 0.760360722046 0.699537504498 -0.11185287038 0.167592301920 -0.40888989970 0.755086706210 -3.84739482900 -1.0          
13   0.713384477685 -0.42775045313 0.209343415237 -0.22553869465 0.427926611185 -0.75802560879 -0.69939184048 0.111834869246 -0.16739432847 0.408665522774 -0.75474887604 -1.01383764825 1.000000082367 -1.0          
