Jacobi matrix :
#    0              1              2              3              4              5              6              7              8              9              10             11             12             13            
0    1181335.513188
1    9653.705826586 7809.715996463
2    59987.77343491 45476.66871849 294399.6723097
3    390515.3669384 294458.6024378 2046737.160180 1.492376582683
4    2640983.734338 2047522.309859 1.492650289326 1.124745547079 8.679186723422
5    1.840694935993 1.492967898868 1.124759729296 8.677704642791 6.815143015643 5.424749818691
6    -1846562.92655 1083724.279093 6250639.391601 3.958117738147 2.692836672608 1.930185337573 3.007584201159
7    2497.652787449 -3.13578168489 -50.4657752634 -556.952481709 -5318.70091749 -47414.0457255 -63785.1013924 320800.7253307
8    -433.982783346 6.977996925265 27.35431927848 198.9635995750 1857.762386767 17287.53367454 271566.0067662 9523.055885673 287686.0551483
9    1403787.799381 -2088.18049411 -8568.93785439 -38842.9899920 -256733.224405 -2488238.86135 -1.20902670571 -63242.0807274 182268.8595356 2.898297059279
10   78144.62061389 2229.089988547 12974.77172067 77075.87469277 445415.5396896 2384451.850539 -5478711.44789 -146385.434382 161140.6038278 5.159976054999 6.888393596165
11   -16.6790077687 -1.74883903959 -9.28569657880 -54.5307812330 -348.711761917 -2383.33717163 -334.878431433 -0.13350963919 -0.12297208235 50.03602111318 3.229597808277 0.005845985313
12   632.1991966385 1351.260772780 8840.289811265 61299.00084967 444834.5809347 3343954.984279 1268287.168057 8060.601386729 1800.003532267 -24306.9374532 1381.716500554 -5.34948316966 180436.9814928
13   2870.614069427 -1703.91842277 -11585.7813994 -83040.2267374 -618424.484954 -4736617.19465 -2827021.52512 41.13873743881 -153.752538766 4741.399442415 -441.431528423 0.066129537211 -758.044418677 4094.198668337
Correlation matrix:
#    0              1              2              3              4              5              6              7              8              9              10             11             12             13            
0    1.0           
1    0.420550045120 -1.0          
2    -0.26007058112 0.932616742306 -1.0          
3    -0.32918576367 -0.96602455756 1.091933064260 -1.0          
4    1.265896977350 1.254098173122 -1.24923814400 0.750631230274 -1.0          
5    -1.46736193952 -1.29313460516 1.392640708414 -0.59270768514 0.973601653855 -1.0          
6    -0.62645802011 0.824551601641 -0.08491018966 -0.46875877963 1.145444486463 -1.37614694801 -1.0          
7    0.227818590384 -0.17523339299 0.071543193716 -0.04389940440 0.005138164418 -0.02539017625 -0.15257231252 1.0           
8    -0.51039633327 -0.68967231305 0.340090602178 0.270067012576 -1.26920788816 1.423355134118 0.402057981700 1.497101696795 1.0           
9    0.741673583651 0.292380718620 -0.16294770757 -0.28332349285 0.994765910002 -1.14273548170 -0.55011693490 0.203580938310 1.441741620324 -1.0          
10   -2.53016271143 -0.33605368974 0.241575354041 0.880601979571 -2.67848757178 3.123953259296 1.861457182951 -2.89621274921 2.031320266157 2.183454085896 1.0           
11   1.897858192016 -1.53348424177 0.590911340298 -0.26802669597 -0.25890057312 0.111870825538 -1.07208564032 2.599857586543 1.884077956250 2.094230203727 -9.09295339770 1.0           
12   -0.65266723895 0.493144418097 -0.20659041786 0.135840706267 -0.00697080801 0.063096168497 0.445123713238 0.339143584782 1.317353055339 -0.51657557868 0.510793058185 -5.92321728633 -1.0          
13   0.652541139714 -0.49315035353 0.206596450182 -0.13579723356 0.006855708401 -0.06295893935 -0.44511191701 -0.33915066832 -1.31723502802 0.516468264397 -0.51051111836 -3.41107774557 1.000000005575 -1.0          
Correlation matrix from Choleski decomposition :
#    0              1              2              3              4              5              6              7              8              9              10             11             12             13            
0    1.0           
1    0.420550045120 -1.0          
2    -0.26007058112 0.932616742306 -1.0          
3    -0.32918576367 -0.96602455756 1.091933064260 -1.0          
4    1.265896977350 1.254098173122 -1.24923814400 0.750631230274 -1.0          
5    -1.46736193952 -1.29313460516 1.392640708414 -0.59270768514 0.973601653855 -1.0          
6    -0.62645802011 0.824551601641 -0.08491018966 -0.46875877963 1.145444486463 -1.37614694801 -1.0          
7    0.227818590384 -0.17523339299 0.071543193716 -0.04389940440 0.005138164418 -0.02539017625 -0.15257231252 1.0           
8    -0.51039633327 -0.68967231305 0.340090602178 0.270067012576 -1.26920788816 1.423355134118 0.402057981700 1.497101696795 1.0           
9    0.741673583651 0.292380718620 -0.16294770757 -0.28332349285 0.994765910002 -1.14273548170 -0.55011693490 0.203580938310 1.441741620324 -1.0          
10   -2.53016271143 -0.33605368974 0.241575354041 0.880601979571 -2.67848757178 3.123953259296 1.861457182951 -2.89621274921 2.031320266157 2.183454085896 1.0           
11   1.897858192016 -1.53348424177 0.590911340298 -0.26802669597 -0.25890057312 0.111870825538 -1.07208564032 2.599857586543 1.884077956250 2.094230203727 -9.09295339770 1.0           
12   -0.65266723895 0.493144418097 -0.20659041786 0.135840706267 -0.00697080801 0.063096168497 0.445123713238 0.339143584782 1.317353055339 -0.51657557868 0.510793058185 -5.92321728633 -1.0          
13   0.652541139714 -0.49315035353 0.206596450182 -0.13579723356 0.006855708401 -0.06295893935 -0.44511191701 -0.33915066832 -1.31723502802 0.516468264397 -0.51051111836 -3.41107774557 1.000000005575 -1.0          
