Jacobi matrix :
#    0              1              2              3              4              5              6              7              8              9              10             11             12             13            
0    1277102.513296
1    9041.460357755 7703.011869926
2    57217.14073279 44898.36940506 290949.0937584
3    376195.4630726 290955.4519203 2024450.909537 1.477343718278
4    2557099.923601 2024949.617591 1.477675358744 1.114341450817 8.605695452185
5    1.786667755927 1.477997798985 1.114560252095 8.605453393908 6.763453540033 5.388185510864
6    -4594639.96620 1053871.031168 6073902.087050 3.845178489369 2.616762824882 1.877096302327 2.965510770860
7    1186.566145679 9.089066305656 36.09033919802 116.4701230258 177.4574062048 -1480.91569532 4365.666162381 386300.6795216
8    -449.598632049 -49.5476197526 -251.917145719 -1301.31601204 -6802.85407714 -35488.6260488 19487.24882802 12152.49383872 348434.8090187
9    1353835.669124 2725.722211369 26092.82314555 211176.4391392 1549769.579330 1.064877019770 -2610404.19347 -86724.8911083 224063.9192310 3.526694525264
10   47150.63842726 2940.461467468 14385.07622649 78032.32657061 429308.4248427 2178598.210915 351534.7219497 -174945.144709 202197.6774756 6.278476907281 8.230812003196
11   -17.6154577719 -1.89766114232 -10.0668210374 -59.0828612754 -377.800125325 -2583.36149836 -328.304897977 -0.29252301716 0.070493554118 55.58799955095 8.094000406422 0.007033531839
12   2206.511409558 141.7253907171 864.4047667848 5878.427575578 42904.72982444 327237.8836754 -390768.866656 3262.433759325 47.02300060760 -87021.8837056 25667.42708893 -1.13469684660 40473.71923049
13   5741.902873613 -1821.18456849 -12388.4151549 -88844.7551134 -662187.844022 -5077070.77723 -3063107.60525 -19.7102173993 32.80773873980 -13731.9150902 -2035.05685878 0.049354539064 353.3305727614 4875.063784995
Correlation matrix:
#    0              1              2              3              4              5              6              7              8              9              10             11             12             13            
0    1.0           
1    0.064104283797 -1.0          
2    0.032734960640 1.122146621887 -1.0          
3    -0.60376629316 -1.65755430058 1.225455336267 -1.0          
4    3.534048529637 7.249882243250 -3.89005816927 1.228474807089 -1.0          
5    -2.86426914416 -4.88951136103 2.794908358472 -0.27104320613 -0.44486944346 1.0           
6    -2.22524469621 2.857932197565 -0.56700027471 0.074817874789 1.700757764178 -1.07764046247 1.0           
7    -0.38547060848 0.429975063280 -0.15112626717 0.171293901998 -0.31651302459 0.357250933494 0.880076957509 1.0           
8    -0.73096883050 0.449078779964 -0.19106519871 0.410875556814 -1.68101561454 1.448660596159 1.737235945211 1.076578615679 1.0           
9    0.843131794046 8.251719394977 0.053378897055 -0.52405958469 3.023065314370 -2.44335287358 -2.04107469110 -0.38347543106 0.018925022556 -1.0          
10   -0.54685954941 -1.34093072778 0.356320381761 0.560372200123 -5.31039265489 3.969757923405 1.525230739678 -2.12348491600 -0.32657620067 3.337694779809 -1.0          
11   0.454099670229 -0.46701009429 0.182338727864 -0.24359644125 0.685482254354 -0.62904831076 -0.95917585847 0.199722997539 -0.00727234929 0.487730924686 -1.48381628347 1.0           
12   0.630474029098 -0.68599855330 0.251412510526 -0.30422197859 0.698670283346 -0.71437010614 -1.45646616469 -0.63408380974 -0.85302702264 0.559019562154 0.820147245138 -0.26320419032 1.0           
13   -0.63053034754 0.685956269078 -0.25140534133 0.304266526256 -0.69896663301 0.714601803129 1.456504411748 0.634078879825 0.853042946413 -0.55906912257 -0.82002545337 -0.63537886385 -0.99999999735 1.0           
Correlation matrix from Choleski decomposition :
#    0              1              2              3              4              5              6              7              8              9              10             11             12             13            
0    1.0           
1    0.064104283797 -1.0          
2    0.032734960640 1.122146621887 -1.0          
3    -0.60376629316 -1.65755430058 1.225455336267 -1.0          
4    3.534048529637 7.249882243250 -3.89005816927 1.228474807089 -1.0          
5    -2.86426914416 -4.88951136103 2.794908358472 -0.27104320613 -0.44486944346 1.0           
6    -2.22524469621 2.857932197565 -0.56700027471 0.074817874789 1.700757764178 -1.07764046247 1.0           
7    -0.38547060848 0.429975063280 -0.15112626717 0.171293901998 -0.31651302459 0.357250933494 0.880076957509 1.0           
8    -0.73096883050 0.449078779964 -0.19106519871 0.410875556814 -1.68101561454 1.448660596159 1.737235945211 1.076578615679 1.0           
9    0.843131794046 8.251719394977 0.053378897055 -0.52405958469 3.023065314370 -2.44335287358 -2.04107469110 -0.38347543106 0.018925022556 -1.0          
10   -0.54685954941 -1.34093072778 0.356320381761 0.560372200123 -5.31039265489 3.969757923405 1.525230739678 -2.12348491600 -0.32657620067 3.337694779809 -1.0          
11   0.454099670229 -0.46701009429 0.182338727864 -0.24359644125 0.685482254354 -0.62904831076 -0.95917585847 0.199722997539 -0.00727234929 0.487730924686 -1.48381628347 1.0           
12   0.630474029098 -0.68599855330 0.251412510526 -0.30422197859 0.698670283346 -0.71437010614 -1.45646616469 -0.63408380974 -0.85302702264 0.559019562154 0.820147245138 -0.26320419032 1.0           
13   -0.63053034754 0.685956269078 -0.25140534133 0.304266526256 -0.69896663301 0.714601803129 1.456504411748 0.634078879825 0.853042946413 -0.55906912257 -0.82002545337 -0.63537886385 -0.99999999735 1.0           
