Jacobi matrix :
#    0              1              2              3              4              5              6              7              8              9              10             11             12             13            
0    1291480.837928
1    9201.751239879 7726.043228342
2    58261.54271750 45008.87880225 291599.7785433
3    383311.7128880 291464.3092932 2027869.205227 1.479143053988
4    2609284.567390 2028304.017281 1.480147845218 1.115722149594 8.616711136486
5    1.826607203249 1.480791284925 1.116725968887 8.618608947411 6.774160345272 5.398400078123
6    -4487419.99926 1054672.189701 6076158.397456 3.843618484184 2.615134121400 1.876154708344 2.956101439439
7    1219.223305277 9.359863894499 13.10575984011 -185.817683270 -2871.33208568 -29665.4611558 14391.26068177 386981.8373962
8    163.4884750912 -41.5053677616 -204.996787271 -962.116782058 -4027.52570487 -11652.4758794 49684.37328602 11105.84446718 348247.8825557
9    1407946.360177 -1631.93363234 732.6147974749 40818.04623437 304930.8893285 1135823.340913 -1.03471023784 -101994.539396 231406.7694264 3.490082451527
10   72257.81393958 336.7103352538 -2823.34915770 -50070.6169409 -568505.168830 -5712462.18928 -4980990.99077 -169096.753224 204459.6591476 6.169196481161 8.251808650999
11   -17.8394021649 -1.90667815684 -10.1128121944 -59.3219910113 -379.355847719 -2595.07845313 -331.403896456 -0.23238770443 0.052088645481 54.29015471408 7.540580268366 0.007042140832
12   4057.988284927 397.1663141325 2680.631929023 18834.69583331 136873.0095157 1022138.984885 -293591.853652 5440.942428818 -1240.08752762 46408.76823824 -113151.942047 -2.55401335229 100462.3890505
13   5668.385462106 -1823.97468686 -12405.0837285 -88912.5222674 -662653.635976 -5081857.81786 -3057694.62502 -19.0609922976 34.48525946763 -5262.22322131 4920.545482734 0.053235721044 -56.2550177474 4870.514738986
Correlation matrix:
#    0              1              2              3              4              5              6              7              8              9              10             11             12             13            
0    1.0           
1    0.328838107420 -1.0          
2    -0.07091111393 1.070951946465 -1.0          
3    -0.53503977305 -1.55464452701 1.214214453674 -1.0          
4    2.979134533203 5.564004355398 -3.22139091327 1.116941436832 -1.0          
5    -4.19944355976 -6.82074858639 4.172004114501 -0.64400350209 0.096068180032 1.0           
6    -2.24155720178 2.552149784941 -0.42221113403 -0.30805895239 2.719340772385 -3.65341702332 -1.0          
7    -0.07878825936 0.167092325390 -0.06518084258 0.027444825173 0.129701491808 -0.14084485605 0.178625036295 1.0           
8    -0.55693347712 0.104744301423 -0.07109714517 0.289742699188 -1.24916521361 1.812897602002 1.373510349420 1.144333462568 1.0           
9    0.823516158975 0.056694014402 0.027617825269 -0.44320075654 2.207089163625 -3.13581102540 -2.08352581577 -0.22946276829 0.313266604200 -1.0          
10   -0.91285271037 -0.50508679930 0.124213658715 0.540068782764 -3.33630771999 4.617598479497 2.405327361928 -1.26779099973 0.418153984899 1.999754922665 -1.0          
11   0.489087529049 -0.32711392534 0.134837704350 -0.20909899169 0.583238685142 -0.93103210852 -1.08344739701 0.224902955217 -0.00969628431 0.348867925041 -0.85458985708 1.0           
12   0.388619075848 -0.48906392905 0.197453168325 -0.16156960722 0.070176818604 -0.23641247073 -0.88571870340 -0.31015714489 -0.58318462280 0.584364477321 -0.00112060966 -0.46931917423 1.0           
13   -0.38872708970 0.489003781286 -0.19744149274 0.161638875199 -0.07056111440 0.236948364663 0.885794271811 0.310146291836 0.583222688058 -0.58444631982 0.001257592126 -0.84770310432 -0.99999999311 1.0           
Correlation matrix from Choleski decomposition :
#    0              1              2              3              4              5              6              7              8              9              10             11             12             13            
0    1.0           
1    0.328838107420 -1.0          
2    -0.07091111393 1.070951946465 -1.0          
3    -0.53503977305 -1.55464452701 1.214214453674 -1.0          
4    2.979134533203 5.564004355398 -3.22139091327 1.116941436832 -1.0          
5    -4.19944355976 -6.82074858639 4.172004114501 -0.64400350209 0.096068180032 1.0           
6    -2.24155720178 2.552149784941 -0.42221113403 -0.30805895239 2.719340772385 -3.65341702332 -1.0          
7    -0.07878825936 0.167092325390 -0.06518084258 0.027444825173 0.129701491808 -0.14084485605 0.178625036295 1.0           
8    -0.55693347712 0.104744301423 -0.07109714517 0.289742699188 -1.24916521361 1.812897602002 1.373510349420 1.144333462568 1.0           
9    0.823516158975 0.056694014402 0.027617825269 -0.44320075654 2.207089163625 -3.13581102540 -2.08352581577 -0.22946276829 0.313266604200 -1.0          
10   -0.91285271037 -0.50508679930 0.124213658715 0.540068782764 -3.33630771999 4.617598479497 2.405327361928 -1.26779099973 0.418153984899 1.999754922665 -1.0          
11   0.489087529049 -0.32711392534 0.134837704350 -0.20909899169 0.583238685142 -0.93103210852 -1.08344739701 0.224902955217 -0.00969628431 0.348867925041 -0.85458985708 1.0           
12   0.388619075848 -0.48906392905 0.197453168325 -0.16156960722 0.070176818604 -0.23641247073 -0.88571870340 -0.31015714489 -0.58318462280 0.584364477321 -0.00112060966 -0.46931917423 1.0           
13   -0.38872708970 0.489003781286 -0.19744149274 0.161638875199 -0.07056111440 0.236948364663 0.885794271811 0.310146291836 0.583222688058 -0.58444631982 0.001257592126 -0.84770310432 -0.99999999311 1.0           
