Jacobi matrix :
#    0              1              2              3              4              5              6              7              8              9              10             11             12             13            
0    1176735.782689
1    9556.999969292 7684.065523572
2    59408.67010053 44878.49937199 291164.5276431
3    386672.3831089 291102.9367646 2026935.122431 1.479554965354
4    2613574.642815 2026442.227731 1.479508143064 1.115920748534 8.616889940727
5    1.821083108052 1.479464717051 1.116124091386 8.618732858790 6.773014975539 5.396394541180
6    -1832744.07130 1074419.639877 6203607.965178 3.931615220880 2.676553228072 1.920394163087 2.992617007540
7    2381.042216870 -5.25071052763 -55.6086469829 -512.629910939 -4374.01121420 -35820.5357907 -55029.8055960 320600.4567206
8    -246.184190536 10.22107722258 56.55998321960 408.0180508349 3250.384249515 26442.14099160 235660.2783664 9472.517418591 287438.1593633
9    1406560.023146 -970.355202774 -878.595322611 9389.731806258 27450.66940961 -934633.013986 2714917.824227 -57896.9355396 184294.9392840 2.905002832559
10   55726.07062605 3887.998092198 23453.03741276 148174.7970159 946450.2351467 5987248.480334 7890945.016831 -145675.493720 176172.4908841 5.099184966872 6.808596279159
11   -16.6707789874 -1.72976430208 -9.19140116448 -54.0278915013 -345.889287477 -2368.07819630 -325.694272349 -0.15701857519 -0.11213252292 47.02215535675 1.794417245395 0.005831864486
12   24270.72276699 19071.50478758 128130.0666222 907768.9922685 6690043.148481 5.080727661740 9460861.524199 -40634.0664379 16818.73311609 272047.7185971 162668.8649312 -71.2003928959 3066035.852938
13   2897.151095448 -1696.79602685 -11552.1026565 -82865.7096470 -617431.134063 -4732691.39388 -2824132.84596 38.67268028641 -133.759623434 -7027.63334320 -10593.0694039 0.056271938448 -6467.94082206 4107.906652932
Correlation matrix:
#    0              1              2              3              4              5              6              7              8              9              10             11             12             13            
0    1.0           
1    0.792799024968 -1.0          
2    -0.45248832254 0.906885000624 -1.0          
3    -0.32635257562 -0.89427807434 1.074429562140 -1.0          
4    1.519250271421 1.016404536202 -1.13499649498 0.731222924714 -1.0          
5    -1.69044508055 -1.05113624113 1.256576959141 -0.58622827921 0.974780282345 -1.0          
6    -0.43013704849 0.530148155956 -0.00386267479 -0.48484765052 1.028065727991 -1.23289924186 -1.0          
7    -0.22444833646 0.110618596365 -0.04924734953 0.033796058992 0.006247599608 0.005520715155 0.098709724137 1.0           
8    -0.67095318925 -0.28462929023 0.157143551986 0.222595963971 -0.81184186144 0.911574151739 0.377567593295 1.305879480584 1.0           
9    0.495201136952 0.460474211897 -0.24645054274 -0.19764124360 0.882901598993 -0.97378994868 -0.28493562237 -0.10947275632 0.700033582488 -1.0          
10   -0.46975431753 -0.77517397569 0.400368093622 0.254760097518 -1.28307263825 1.402121412965 0.313283540735 -1.03013655217 0.389503870922 1.556726085706 -1.0          
11   1.222827371869 -0.79824299336 0.263972422750 0.051288914696 -0.51727455655 0.511461874687 -0.10528612049 -1.71651348373 -3.40726089254 1.575730955471 2.297582861161 1.0           
12   -1.09495279626 0.638871825680 -0.29868242647 0.170623145961 0.057456638310 0.006862966161 0.525222566431 -0.17609830840 0.400549987436 -0.67395902838 1.146897047022 -14.2901199909 -1.0          
13   1.094849052717 -0.63887434041 0.298684707591 -0.17059421931 -0.05752733275 -0.00678025563 -0.52521897247 0.176094650275 -0.40049926612 0.673893580032 -1.14680441644 -1.59907760651 1.000000002446 -1.0          
Correlation matrix from Choleski decomposition :
#    0              1              2              3              4              5              6              7              8              9              10             11             12             13            
0    1.0           
1    0.792799024968 -1.0          
2    -0.45248832254 0.906885000624 -1.0          
3    -0.32635257562 -0.89427807434 1.074429562140 -1.0          
4    1.519250271421 1.016404536202 -1.13499649498 0.731222924714 -1.0          
5    -1.69044508055 -1.05113624113 1.256576959141 -0.58622827921 0.974780282345 -1.0          
6    -0.43013704849 0.530148155956 -0.00386267479 -0.48484765052 1.028065727991 -1.23289924186 -1.0          
7    -0.22444833646 0.110618596365 -0.04924734953 0.033796058992 0.006247599608 0.005520715155 0.098709724137 1.0           
8    -0.67095318925 -0.28462929023 0.157143551986 0.222595963971 -0.81184186144 0.911574151739 0.377567593295 1.305879480584 1.0           
9    0.495201136952 0.460474211897 -0.24645054274 -0.19764124360 0.882901598993 -0.97378994868 -0.28493562237 -0.10947275632 0.700033582488 -1.0          
10   -0.46975431753 -0.77517397569 0.400368093622 0.254760097518 -1.28307263825 1.402121412965 0.313283540735 -1.03013655217 0.389503870922 1.556726085706 -1.0          
11   1.222827371869 -0.79824299336 0.263972422750 0.051288914696 -0.51727455655 0.511461874687 -0.10528612049 -1.71651348373 -3.40726089254 1.575730955471 2.297582861161 1.0           
12   -1.09495279626 0.638871825680 -0.29868242647 0.170623145961 0.057456638310 0.006862966161 0.525222566431 -0.17609830840 0.400549987436 -0.67395902838 1.146897047022 -14.2901199909 -1.0          
13   1.094849052717 -0.63887434041 0.298684707591 -0.17059421931 -0.05752733275 -0.00678025563 -0.52521897247 0.176094650275 -0.40049926612 0.673893580032 -1.14680441644 -1.59907760651 1.000000002446 -1.0          
