Jacobi matrix :
#    0              1              2              3              4              5              6              7              8              9              10             11             12             13            
0    1204289.879566
1    9639.280980310 7660.524605209
2    59982.35078533 44642.07301064 289404.3106933
3    390764.2873524 289242.6424878 2013854.454887 1.469814207066
4    2644815.217954 2013349.283127 1.470266833220 1.108894859893 8.565189259984
5    1.846996209138 1.471514976932 1.110456554259 8.574611374172 6.740275089739 5.376540293250
6    -2014241.25298 1078278.287164 6230533.202493 3.950698587922 2.691848519367 1.934641513067 3.010123545194
7    2499.795931147 2.187349911298 -6.56330871069 -211.990534110 -2563.52024474 -24709.7330264 -63883.2639290 328322.3907666
8    -1160.87993651 8.080715124467 28.43644884913 105.8546799402 252.7648627139 -2033.76028921 255941.7636869 10152.62963672 296114.2969763
9    1414292.974902 833.0623552910 9521.551004913 74956.46933022 472438.0509288 2252396.024206 6309738.692369 -72687.6012142 201807.3627161 2.980311957650
10   37949.56140646 5390.774707165 28783.10886656 163118.6559709 942399.7883094 5364459.883558 1.043168730416 -151781.245150 184542.1091937 5.246124939188 7.036769250327
11   -17.0757764677 -1.75285708659 -9.31863082041 -54.7892352189 -350.975860623 -2406.42299426 -324.517254463 -0.20220329543 -0.08583388696 49.00058593728 2.250914173294 0.005967107368
12   58292.91838335 25539.29136074 171586.4676284 1214271.923226 8939979.867672 6.789315470957 1.072978370565 17124.30004530 11206.42495879 -56341.4361242 261842.4969674 -100.988959183 4867560.622150
13   3156.199116484 -1721.46945185 -11730.0682169 -84181.2269286 -627696.572119 -4818874.84915 -2877107.42036 37.72521003422 -162.882606465 -11857.6877973 -12474.1163560 0.052237003192 -8851.74462096 4241.611770566
Correlation matrix:
#    0              1              2              3              4              5              6              7              8              9              10             11             12             13            
0    1.0           
1    0.958578807817 -1.0          
2    -0.55420181327 0.909993876621 -1.0          
3    -0.32280068222 -0.91380797836 1.083014734766 -1.0          
4    1.774300180423 1.083588035340 -1.19073089068 0.728090418003 -1.0          
5    -1.99366727659 -1.14772086595 1.342126183349 -0.57772919873 0.971510152818 -1.0          
6    -0.37045377974 0.442707966377 0.019078331406 -0.47756867114 1.024051408608 -1.26024674305 -1.0          
7    0.048246309443 -0.02963895866 0.017867586417 -0.01440031841 0.016990397073 -0.02407070616 -0.02578354285 1.0           
8    -0.30263172047 -0.57371915941 0.306688795824 0.165097050644 -0.96660960992 1.071090625237 0.176919237640 1.430895135129 1.0           
9    0.372395265306 0.494071596353 -0.27109415142 -0.15741135471 0.871022437625 -0.96666674030 -0.20091380928 0.027274360654 1.061952073171 -1.0          
10   -0.91740145691 -0.79508107863 0.434889084605 0.345672060001 -1.65423980068 1.854532240738 0.493830888662 -1.51504506141 0.284260759322 1.770521945537 -1.0          
11   0.322389108137 0.092164093713 -0.14816911016 0.098578121959 0.065428667445 -0.06969471759 0.216770591135 1.019047470216 1.081098956846 0.495283232001 -1.41514441072 1.0           
12   -1.27539631583 0.646796922391 -0.31350858286 0.195092693157 0.036413383614 0.044193499071 0.576514065003 0.043049852202 0.804693627750 -0.69138995789 1.095020663834 -12.1016237700 -1.0          
13   1.275286897828 -0.64680066427 0.313511595340 -0.19506446719 -0.03648721065 -0.04410558260 -0.57650905075 -0.04305506231 -0.80464152376 0.691331778798 -1.09490982269 -0.14136914839 1.000000002282 -1.0          
Correlation matrix from Choleski decomposition :
#    0              1              2              3              4              5              6              7              8              9              10             11             12             13            
0    1.0           
1    0.958578807817 -1.0          
2    -0.55420181327 0.909993876621 -1.0          
3    -0.32280068222 -0.91380797836 1.083014734766 -1.0          
4    1.774300180423 1.083588035340 -1.19073089068 0.728090418003 -1.0          
5    -1.99366727659 -1.14772086595 1.342126183349 -0.57772919873 0.971510152818 -1.0          
6    -0.37045377974 0.442707966377 0.019078331406 -0.47756867114 1.024051408608 -1.26024674305 -1.0          
7    0.048246309443 -0.02963895866 0.017867586417 -0.01440031841 0.016990397073 -0.02407070616 -0.02578354285 1.0           
8    -0.30263172047 -0.57371915941 0.306688795824 0.165097050644 -0.96660960992 1.071090625237 0.176919237640 1.430895135129 1.0           
9    0.372395265306 0.494071596353 -0.27109415142 -0.15741135471 0.871022437625 -0.96666674030 -0.20091380928 0.027274360654 1.061952073171 -1.0          
10   -0.91740145691 -0.79508107863 0.434889084605 0.345672060001 -1.65423980068 1.854532240738 0.493830888662 -1.51504506141 0.284260759322 1.770521945537 -1.0          
11   0.322389108137 0.092164093713 -0.14816911016 0.098578121959 0.065428667445 -0.06969471759 0.216770591135 1.019047470216 1.081098956846 0.495283232001 -1.41514441072 1.0           
12   -1.27539631583 0.646796922391 -0.31350858286 0.195092693157 0.036413383614 0.044193499071 0.576514065003 0.043049852202 0.804693627750 -0.69138995789 1.095020663834 -12.1016237700 -1.0          
13   1.275286897828 -0.64680066427 0.313511595340 -0.19506446719 -0.03648721065 -0.04410558260 -0.57650905075 -0.04305506231 -0.80464152376 0.691331778798 -1.09490982269 -0.14136914839 1.000000002282 -1.0          
