Jacobi matrix :
#    0              1              2              3              4              5              6              7              8              9              10             11             12             13            
0    1178963.600733
1    9507.261980722 7705.071313943
2    58964.47427484 44889.15248838 290751.8515664
3    383284.7571419 290946.1855092 2023429.228996 1.476854099362
4    2588245.429934 2025056.617501 1.477054652530 1.114066437378 8.604299990446
5    1.802187881695 1.478600123840 1.114487201354 8.606380963004 6.764755310938 5.391134139629
6    -7471943.98447 4316185.578715 2.490067769264 1.578142358276 1.074591686597 7.712349442294 4.822290600621
7    2180.136853906 -2.63983397959 -29.2875825860 -276.415432463 -2345.52774503 -18617.0547036 -199256.891473 321292.8080996
8    -398.662669191 2.643535868906 33.46590610518 424.9129710664 4557.526518442 44273.84798150 959525.9208454 9599.723575297 291645.7189947
9    1464104.369633 -5327.92860044 -20998.8257056 -89297.6021719 -463080.595178 -3247158.07807 -8.87714504943 -66440.7658859 200633.1704127 2.919123794743
10   84037.03715432 1477.323584099 9584.400356050 59625.69270322 347062.3368578 1800489.180091 -2900004.68510 -145380.492047 177087.1783724 5.181434590386 6.950374647103
11   -16.4831000242 -1.94127705607 -10.5146723740 -62.4416046877 -399.839489529 -2716.43077041 -1510.49978634 0.331319584274 -0.45890534686 37.86714558244 10.66147487007 0.054496827712
12   5298.867937218 24077.47547300 160966.2140992 1137326.952722 8368668.943610 6.349876552418 6.021579017365 14325.18737263 -5493.27611678 -1113377.13576 -37351.1228469 -96.3899556489 4371363.625332
13   2930.064886960 -1701.39885578 -11573.7910075 -83029.6775425 -618855.029337 -4745517.22049 -1.13604917056 27.91376700196 -171.342465633 10116.57166546 -2175.20393019 0.127635733822 -10520.1182923 4126.436353785
Correlation matrix:
#    0              1              2              3              4              5              6              7              8              9              10             11             12             13            
0    1.0           
1    0.454879260106 -1.0          
2    -0.36979816307 0.971077919237 -1.0          
3    -0.06527313656 -1.03471757205 1.072239767025 -1.0          
4    0.773272802725 1.326025228557 -1.18806615101 0.802831067086 -1.0          
5    -0.76050771381 -1.28187966751 1.225835122723 -0.68258726756 0.972283903513 -1.0          
6    0.037040678937 0.332187038972 0.144976014255 -0.59310665008 1.041884599913 -1.18434506064 -1.0          
7    0.001320361829 -0.00573772088 0.002049738817 4.685318505105 0.001844683190 -0.00441431782 -0.00876104620 1.0           
8    -0.53007142375 -0.32325693118 0.256256937532 0.001768351407 -0.44946123672 0.421929344817 -0.07291849520 1.293515615128 1.0           
9    0.565406825232 0.324729180365 -0.25711601069 -0.01223587979 0.468926954634 -0.44180861552 0.059601785549 0.041476274351 0.876230359488 -1.0          
10   -2.34882242026 -0.84966078514 0.689824838146 0.283066728990 -1.87720814387 1.854732300198 0.261248366345 -2.97473115282 1.204832504299 2.987149358364 -1.0          
11   0.888476985778 -0.35896687273 0.232967759861 -0.38027964898 0.522296827937 -0.63869455612 -0.71010066599 0.197422568766 -0.35700552578 0.673422804732 -3.10670886569 -1.0          
12   -0.79363258197 0.440755476938 -0.32017799691 0.433635981814 -0.48913902301 0.611229194568 0.812392328400 0.013431016234 0.636578534638 -0.63652311786 1.600909827816 -4.02265417447 -1.0          
13   0.793437400493 -0.44076805114 0.320191151507 -0.43358585538 0.488999709505 -0.61107723055 -0.81239230328 -0.01343089567 -0.63643262079 0.636369531748 -1.60051808001 -1.01835119350 1.000000011441 -1.0          
Correlation matrix from Choleski decomposition :
#    0              1              2              3              4              5              6              7              8              9              10             11             12             13            
0    1.0           
1    0.454879260106 -1.0          
2    -0.36979816307 0.971077919237 -1.0          
3    -0.06527313656 -1.03471757205 1.072239767025 -1.0          
4    0.773272802725 1.326025228557 -1.18806615101 0.802831067086 -1.0          
5    -0.76050771381 -1.28187966751 1.225835122723 -0.68258726756 0.972283903513 -1.0          
6    0.037040678937 0.332187038972 0.144976014255 -0.59310665008 1.041884599913 -1.18434506064 -1.0          
7    0.001320361829 -0.00573772088 0.002049738817 4.685318505105 0.001844683190 -0.00441431782 -0.00876104620 1.0           
8    -0.53007142375 -0.32325693118 0.256256937532 0.001768351407 -0.44946123672 0.421929344817 -0.07291849520 1.293515615128 1.0           
9    0.565406825232 0.324729180365 -0.25711601069 -0.01223587979 0.468926954634 -0.44180861552 0.059601785549 0.041476274351 0.876230359488 -1.0          
10   -2.34882242026 -0.84966078514 0.689824838146 0.283066728990 -1.87720814387 1.854732300198 0.261248366345 -2.97473115282 1.204832504299 2.987149358364 -1.0          
11   0.888476985778 -0.35896687273 0.232967759861 -0.38027964898 0.522296827937 -0.63869455612 -0.71010066599 0.197422568766 -0.35700552578 0.673422804732 -3.10670886569 -1.0          
12   -0.79363258197 0.440755476938 -0.32017799691 0.433635981814 -0.48913902301 0.611229194568 0.812392328400 0.013431016234 0.636578534638 -0.63652311786 1.600909827816 -4.02265417447 -1.0          
13   0.793437400493 -0.44076805114 0.320191151507 -0.43358585538 0.488999709505 -0.61107723055 -0.81239230328 -0.01343089567 -0.63643262079 0.636369531748 -1.60051808001 -1.01835119350 1.000000011441 -1.0          
