Jacobi matrix :
#    0              1              2              3              4              5              6              7              8              9              10             11             12             13            
0    1157546.328469
1    9445.747860029 7794.795248158
2    58620.59969899 45384.31508817 293974.6406071
3    381343.0057280 294136.3410434 2046298.095800 1.493964817130
4    2576430.484850 2046933.462425 1.493607129680 1.126841661653 8.701522922756
5    1.794997550309 1.494548848461 1.126932267045 8.704306580774 6.840246504378 5.450298032968
6    -1740087.38705 1075219.442480 6194060.894754 3.920402776298 2.665669456850 1.911026152692 2.976097006723
7    2119.672741718 -19.6059284729 -135.006089543 -1016.79969210 -7974.93607141 -63734.2887893 -54133.7437495 315887.5774246
8    -1381.17484106 1.443596691384 -16.3829342255 -191.027325257 -1686.86716366 -14449.4361501 279817.5444731 9843.663609796 283400.5080465
9    1395499.633650 -2275.40959335 -12512.5765076 -78957.5369810 -602067.251291 -5289248.19375 -1.38313608017 -58424.9732178 191811.2753477 2.860054111567
10   88549.60511013 1181.611624663 5910.793781080 25739.10316541 55951.40538249 -642931.828499 -8218262.62049 -139504.899669 169293.4957614 5.045203146387 6.658965769628
11   -16.4672963449 -1.73113892635 -9.18009773783 -53.8872590034 -344.469934465 -2355.52293454 -333.404701975 -0.10761265084 -0.05244693685 50.75663265664 3.678752299681 0.005759932458
12   8999.864684825 4497.276856924 29771.18922163 208256.8359483 1517629.220500 1.141720027774 1658138.193921 -11020.3677949 14668.57119417 88965.77703979 74299.12266497 -19.8017268078 729030.5561588
13   2741.913388846 -1680.80863915 -11422.9515860 -81880.7581832 -609678.124010 -4671439.04492 -2772588.07901 40.05817285721 -165.577880122 8319.498201708 3029.718217948 0.069918084165 -640.519268078 3977.200197290
Correlation matrix:
#    0              1              2              3              4              5              6              7              8              9              10             11             12             13            
0    1.0           
1    0.768967586116 -1.0          
2    -0.45224597202 0.916080392168 -1.0          
3    -0.29161123236 -0.92856837035 1.082402024984 -1.0          
4    1.473194077491 1.142131219169 -1.20286175211 0.746839133853 -1.0          
5    -1.64701800603 -1.17392753759 1.325418577815 -0.59448039281 0.972729057702 -1.0          
6    -0.40457123219 0.563967214012 -0.02250317267 -0.48307596967 1.078547899970 -1.29140591538 -1.0          
7    -0.06395120895 0.036565763346 -0.01939624071 0.014949995887 0.003133155524 2.309582537999 0.037452991700 1.0           
8    -0.62361509266 -0.32165914003 0.182036403280 0.199984725069 -0.81367423678 0.910269406598 0.319205468076 1.273393362317 1.0           
9    0.656717611831 0.376983595791 -0.20916720250 -0.21896732795 0.893593988629 -0.99579091314 -0.33765083593 0.001897541241 0.787324378860 -1.0          
10   -0.55349173627 -0.73361410318 0.384301213525 0.252694823334 -1.27502749699 1.398056367446 0.298071144800 -1.28501731717 0.367989198196 1.617875353393 -1.0          
11   0.200447620683 -0.45866459905 0.190746283650 0.090827119624 -0.52770373388 0.556086495770 0.043782656746 0.098673934531 -0.66100242117 0.959101562474 0.834513442215 -1.0          
12   -1.14478174521 0.586284607896 -0.25894582685 0.184862568797 -0.05032828465 0.126009962225 0.560045461325 -0.07490245380 0.520454942456 -0.60049665674 1.203420881832 -4.89278510744 -1.0          
13   1.144654728789 -0.58628787027 0.258950411124 -0.18482976941 0.050241985789 -0.12590862201 -0.56003773388 0.074898534549 -0.52038810415 0.600415048109 -1.20330345673 -0.88756577975 1.000000003487 -1.0          
Correlation matrix from Choleski decomposition :
#    0              1              2              3              4              5              6              7              8              9              10             11             12             13            
0    1.0           
1    0.768967586116 -1.0          
2    -0.45224597202 0.916080392168 -1.0          
3    -0.29161123236 -0.92856837035 1.082402024984 -1.0          
4    1.473194077491 1.142131219169 -1.20286175211 0.746839133853 -1.0          
5    -1.64701800603 -1.17392753759 1.325418577815 -0.59448039281 0.972729057702 -1.0          
6    -0.40457123219 0.563967214012 -0.02250317267 -0.48307596967 1.078547899970 -1.29140591538 -1.0          
7    -0.06395120895 0.036565763346 -0.01939624071 0.014949995887 0.003133155524 2.309582537999 0.037452991700 1.0           
8    -0.62361509266 -0.32165914003 0.182036403280 0.199984725069 -0.81367423678 0.910269406598 0.319205468076 1.273393362317 1.0           
9    0.656717611831 0.376983595791 -0.20916720250 -0.21896732795 0.893593988629 -0.99579091314 -0.33765083593 0.001897541241 0.787324378860 -1.0          
10   -0.55349173627 -0.73361410318 0.384301213525 0.252694823334 -1.27502749699 1.398056367446 0.298071144800 -1.28501731717 0.367989198196 1.617875353393 -1.0          
11   0.200447620683 -0.45866459905 0.190746283650 0.090827119624 -0.52770373388 0.556086495770 0.043782656746 0.098673934531 -0.66100242117 0.959101562474 0.834513442215 -1.0          
12   -1.14478174521 0.586284607896 -0.25894582685 0.184862568797 -0.05032828465 0.126009962225 0.560045461325 -0.07490245380 0.520454942456 -0.60049665674 1.203420881832 -4.89278510744 -1.0          
13   1.144654728789 -0.58628787027 0.258950411124 -0.18482976941 0.050241985789 -0.12590862201 -0.56003773388 0.074898534549 -0.52038810415 0.600415048109 -1.20330345673 -0.88756577975 1.000000003487 -1.0          
