Jacobi matrix :
#    0              1              2              3              4              5              6              7              8              9              10             11             12             13            
0    1218914.638250
1    9750.470492164 7720.160794830
2    60657.98358040 44997.45929842 291673.8578419
3    395045.9647018 291485.7582613 2029048.303871 1.480487485511
4    2673035.242733 2028240.971627 1.480853416415 1.116619326282 8.622737029691
5    1.864167370534 1.480149637503 1.116808877076 8.622069665269 6.776170843427 5.397830109913
6    -2021485.82387 1087991.545977 6292665.305420 3.992606845203 2.721533917349 1.954343917768 3.030011659184
7    2233.646718993 -5.10202985304 -62.5865934317 -615.561379044 -5493.82512962 -46652.6016301 -69606.2917655 329613.4522526
8    -340.134869971 7.205722359996 65.20950951702 666.7735665119 6484.207816336 59846.59378758 218432.7842949 9481.581492364 298046.4973044
9    1472612.210729 -4249.18662802 -22559.6056982 -143064.805274 -1087031.04912 -9290889.56296 -1.47191313976 -82706.5230545 195213.9662925 3.003872797007
10   84864.60031220 1067.845102786 4468.088227483 13516.15539516 -39404.2561393 -1400146.98071 7378840.698700 -142988.192210 172380.8835412 5.271030944896 7.120819468871
11   -17.2286489884 -1.78161364329 -9.49289557805 -55.8929527122 -358.268171449 -2453.75925423 -332.584251418 -0.15215287929 -0.10385886115 49.74496400278 1.258342112512 0.006273129951
12   83606.87719202 54104.37241723 363014.0902373 2570690.947069 1.895924089340 1.441315041065 2.616698020232 -19975.2025278 -16984.6901218 -896467.397763 544519.1520114 -219.643992843 1.769448113524
13   3198.986461509 -1738.02996539 -11849.5752563 -85072.7516739 -634540.754619 -4867170.03848 -2906327.69157 49.21173164052 -139.928846175 7793.050725972 -4739.25485479 0.058638146020 -20764.7298534 4297.489294347
Correlation matrix:
#    0              1              2              3              4              5              6              7              8              9              10             11             12             13            
0    1.0           
1    0.935346563435 -1.0          
2    -0.53598598111 0.909066316407 -1.0          
3    -0.33831936998 -0.92133231284 1.089551778271 -1.0          
4    1.824811062301 1.135078470383 -1.23736486681 0.733765737373 -1.0          
5    -2.07680569356 -1.22061774745 1.413303252349 -0.58191961380 0.970335434293 -1.0          
6    -0.41666014809 0.447206653508 0.021416711281 -0.46869161156 1.024552650733 -1.28069147183 -1.0          
7    -0.08031045045 0.092738022520 -0.04602471586 0.002349898887 0.083357466552 -0.08793217871 0.028231423419 1.0           
8    -0.44433491354 -0.36328174706 0.199555013176 0.166508915968 -0.80114735733 0.910472098444 0.243827778628 1.324538914723 1.0           
9    0.308879699761 0.495230522599 -0.26978736671 -0.14505861601 0.861094747013 -0.96242147380 -0.16749921048 -0.11410226285 0.725366504775 -1.0          
10   -0.63892563221 -0.74745275564 0.406146042617 0.271833326470 -1.44697127186 1.629015473789 0.359282177638 -1.04034513447 0.347869868279 1.561745619218 -1.0          
11   0.752853564385 0.170710435463 -0.20777862497 -0.00122439767 0.427961352892 -0.48664925217 0.086852019492 -0.94520755225 -1.26340302947 0.255600023473 -0.17584083408 1.0           
12   -1.22030037696 0.645166214855 -0.30978915379 0.191820969381 0.038100233260 0.047397023102 0.586299749750 -0.13733277530 0.503198189138 -0.70751920246 1.056754629742 -16.0799359163 -1.0          
13   1.220190538772 -0.64517109761 0.309792860706 -0.19179138454 -0.03818068557 -0.04730003797 -0.58629210174 0.137323964398 -0.50315443719 0.707462224189 -1.05666013150 -0.13420506038 1.000000002428 -1.0          
Correlation matrix from Choleski decomposition :
#    0              1              2              3              4              5              6              7              8              9              10             11             12             13            
0    1.0           
1    0.935346563435 -1.0          
2    -0.53598598111 0.909066316407 -1.0          
3    -0.33831936998 -0.92133231284 1.089551778271 -1.0          
4    1.824811062301 1.135078470383 -1.23736486681 0.733765737373 -1.0          
5    -2.07680569356 -1.22061774745 1.413303252349 -0.58191961380 0.970335434293 -1.0          
6    -0.41666014809 0.447206653508 0.021416711281 -0.46869161156 1.024552650733 -1.28069147183 -1.0          
7    -0.08031045045 0.092738022520 -0.04602471586 0.002349898887 0.083357466552 -0.08793217871 0.028231423419 1.0           
8    -0.44433491354 -0.36328174706 0.199555013176 0.166508915968 -0.80114735733 0.910472098444 0.243827778628 1.324538914723 1.0           
9    0.308879699761 0.495230522599 -0.26978736671 -0.14505861601 0.861094747013 -0.96242147380 -0.16749921048 -0.11410226285 0.725366504775 -1.0          
10   -0.63892563221 -0.74745275564 0.406146042617 0.271833326470 -1.44697127186 1.629015473789 0.359282177638 -1.04034513447 0.347869868279 1.561745619218 -1.0          
11   0.752853564385 0.170710435463 -0.20777862497 -0.00122439767 0.427961352892 -0.48664925217 0.086852019492 -0.94520755225 -1.26340302947 0.255600023473 -0.17584083408 1.0           
12   -1.22030037696 0.645166214855 -0.30978915379 0.191820969381 0.038100233260 0.047397023102 0.586299749750 -0.13733277530 0.503198189138 -0.70751920246 1.056754629742 -16.0799359163 -1.0          
13   1.220190538772 -0.64517109761 0.309792860706 -0.19179138454 -0.03818068557 -0.04730003797 -0.58629210174 0.137323964398 -0.50315443719 0.707462224189 -1.05666013150 -0.13420506038 1.000000002428 -1.0          
