Jacobi matrix :
#    0              1              2              3              4              5              6              7              8              9              10             11             12             13            
0    1296867.225702
1    9075.019398352 7635.748388553
2    57547.59541795 44580.87101902 289283.3222338
3    379175.4718667 289293.4627216 2014971.725892 1.471577682450
4    2581252.886096 2014377.894582 1.471092427107 1.110023443677 8.571368198760
5    1.805072029813 1.469848049344 1.109045613131 8.566642461893 6.731522983608 5.358458397590
6    -4412902.92932 1055304.109445 6086508.802447 3.856614055920 2.625527736213 1.882992622548 2.984780131001
7    1364.646680182 11.93425240882 17.82938496694 -224.046370537 -3563.49151828 -37359.9362630 15267.94765817 385857.8509107
8    -1172.05963894 -46.1173797285 -261.583264161 -1591.90896203 -10454.8001938 -73598.5231691 41704.51856546 10660.90913633 349121.0839740
9    1333776.326383 3381.287919328 28187.77820622 213325.6473722 1524910.400438 1.049205427837 1.077305402532 -79823.2231574 217042.8742355 3.471340786617
10   64997.48674042 1266.855588603 5659.763546984 20897.92291418 4456.579518817 -1144080.63227 -3157628.26303 -172081.218575 210859.4551808 6.133387754409 8.288731401299
11   -17.6802138617 -1.88649832863 -10.0067116752 -58.7498253007 -375.699681455 -2568.19217706 -331.489005999 -0.25568132028 0.063731596049 52.77984451928 8.059110966776 0.007009289731
12   1149.235833210 569.4871172988 3755.797599887 26480.78637192 195419.9053259 1488277.930820 285220.3775385 3685.122984076 -4409.31501147 -14965.2054658 41506.43582562 -2.64700833612 93067.58980240
13   5551.756936856 -1818.21113628 -12379.3865844 -88856.8646828 -662422.301501 -5076813.03822 -3073902.26157 -8.70714517365 16.41697303389 -21094.2075259 -586.551396815 0.047579669869 -59.1636717611 4880.730713720
Correlation matrix:
#    0              1              2              3              4              5              6              7              8              9              10             11             12             13            
0    1.0           
1    0.699229314973 -1.0          
2    -0.26051995950 0.989878807706 -1.0          
3    -0.47672184396 -1.31982845074 1.186517693252 -1.0          
4    2.909477456160 3.657196548342 -2.56010472683 0.978270298182 -1.0          
5    -30.2504702675 -34.8180727968 25.57275441558 -5.10147608263 3.918784146839 1.0           
6    -1.09399549541 0.816087948989 -0.03533141328 -0.37344965527 1.493639086116 -16.3314682773 -1.0          
7    -0.00855453063 0.023197847897 -0.00915150670 -0.00216238812 0.057138461491 -0.55178270753 0.005020783276 1.0           
8    -0.36332746090 -0.46495485864 0.169404645785 0.229008553720 -1.57990629406 16.10522090737 0.493285061933 1.472682635614 1.0           
9    0.319448162578 0.436117813298 -0.16128934628 -0.20161174232 1.405746533415 -14.2882631427 -0.42983564291 -0.02478763282 1.042633107490 -1.0          
10   -1.24050924987 -0.48532551360 0.135686004171 0.604751452733 -3.13515617907 32.92602076914 1.574679955945 -1.63156821016 0.621154068614 1.669643430264 -1.0          
11   0.862701079066 -0.11055720770 0.084146235193 -0.34742638207 1.302571535751 -14.2690374672 -0.95551391600 0.018750909017 0.213179705424 -0.12099774281 -2.31886719978 -1.0          
12   -0.51301531424 0.426919526842 -0.19470290925 0.147408202954 -0.02331604611 1.237715119814 0.576734635372 -0.05553343124 0.532781517959 -0.49715662719 0.029076588613 -2.54563461072 -1.0          
13   0.512894498782 -0.42696090745 0.194711826202 -0.14734705193 0.023029781849 -1.23468204490 -0.57669505632 0.055525085490 -0.53272537068 0.497095931559 -0.02892959323 -0.71384506163 1.000000005789 -1.0          
Correlation matrix from Choleski decomposition :
#    0              1              2              3              4              5              6              7              8              9              10             11             12             13            
0    1.0           
1    0.699229314973 -1.0          
2    -0.26051995950 0.989878807706 -1.0          
3    -0.47672184396 -1.31982845074 1.186517693252 -1.0          
4    2.909477456160 3.657196548342 -2.56010472683 0.978270298182 -1.0          
5    -30.2504702675 -34.8180727968 25.57275441558 -5.10147608263 3.918784146839 1.0           
6    -1.09399549541 0.816087948989 -0.03533141328 -0.37344965527 1.493639086116 -16.3314682773 -1.0          
7    -0.00855453063 0.023197847897 -0.00915150670 -0.00216238812 0.057138461491 -0.55178270753 0.005020783276 1.0           
8    -0.36332746090 -0.46495485864 0.169404645785 0.229008553720 -1.57990629406 16.10522090737 0.493285061933 1.472682635614 1.0           
9    0.319448162578 0.436117813298 -0.16128934628 -0.20161174232 1.405746533415 -14.2882631427 -0.42983564291 -0.02478763282 1.042633107490 -1.0          
10   -1.24050924987 -0.48532551360 0.135686004171 0.604751452733 -3.13515617907 32.92602076914 1.574679955945 -1.63156821016 0.621154068614 1.669643430264 -1.0          
11   0.862701079066 -0.11055720770 0.084146235193 -0.34742638207 1.302571535751 -14.2690374672 -0.95551391600 0.018750909017 0.213179705424 -0.12099774281 -2.31886719978 -1.0          
12   -0.51301531424 0.426919526842 -0.19470290925 0.147408202954 -0.02331604611 1.237715119814 0.576734635372 -0.05553343124 0.532781517959 -0.49715662719 0.029076588613 -2.54563461072 -1.0          
13   0.512894498782 -0.42696090745 0.194711826202 -0.14734705193 0.023029781849 -1.23468204490 -0.57669505632 0.055525085490 -0.53272537068 0.497095931559 -0.02892959323 -0.71384506163 1.000000005789 -1.0          
