Jacobi matrix :
#    0              1              2              3              4              5              6              7              8              9              10             11             12             13            
0    1317130.780432
1    9341.984787797 7686.808337521
2    59094.59686536 44814.19932475 290399.8503824
3    389062.5035518 290561.0501331 2021290.509175 1.475350679765
4    2646477.127632 2020140.731613 1.473693409923 1.111516530096 8.573576676828
5    1.851817516229 1.473326481368 1.110623276029 8.576320476587 6.732525208722 5.359120451903
6    -4325309.52490 1051758.351672 6062335.380955 3.840433241395 2.611731198379 1.872781598192 2.961091216507
7    1727.210237632 17.63964965553 37.58793885962 -185.603699475 -3910.49587265 -44179.0910290 16166.41771791 388582.1894559
8    -367.089350607 -49.3633985168 -250.685140422 -1242.38992518 -5832.93959247 -23903.3403524 32697.93402145 10291.31991671 348548.5149990
9    1372437.203133 3565.678270741 28456.71037945 217032.2270728 1575451.097891 1.101166290116 -3296021.08920 -57347.3610400 216936.4874955 3.524433015709
10   73711.72215641 1789.027563616 10135.65899918 60849.51196896 361524.7094080 2017759.185871 -5040864.04676 -171227.710955 213191.5822849 6.162495657058 8.208084778226
11   -17.6261788799 -2.09606714833 -10.7894485277 -61.5128712617 -383.722368788 -2578.96852283 -328.077766495 -0.25032067253 0.071366204644 52.76865701581 43.91260609017 0.177309097231
12   2180.669573994 149.3147695816 891.3039076573 5746.329160790 39148.46258329 278212.1780490 454846.8559240 -403.521458098 5229.726305185 51288.98501840 -53034.0753293 -0.68784046172 31644.31241909
13   5519.009265571 -1818.51956704 -12371.6803244 -88779.3037036 -661193.048195 -5067190.95924 -3059152.18824 -16.3559166622 39.10155422070 -8590.43031031 1218.943594866 0.049676344055 -423.737749577 4872.999386180
Correlation matrix:
#    0              1              2              3              4              5              6              7              8              9              10             11             12             13            
0    1.0           
1    0.733402590230 -1.0          
2    -0.26988130004 1.017754815721 -1.0          
3    -0.38477764799 -1.36995566209 1.166936772348 -1.0          
4    1.757795879265 2.862050203928 -1.86985610544 0.859339907277 -1.0          
5    -2.34478844142 -3.46502881819 2.381914040750 -0.70884830881 0.966827017651 -1.0          
6    -0.76499455025 0.886670482700 -0.06175610415 -0.43902846920 1.384400100859 -1.89905385536 -1.0          
7    0.856317985691 -0.19692638417 0.102874282478 -0.27047175960 0.657966079746 -0.93802556401 -0.72050613983 1.0           
8    -0.28894154961 -0.50000256497 0.165416754109 0.193192141582 -0.99230088408 1.281747382999 0.314701400288 1.609318435992 1.0           
9    0.974273716249 0.212788225005 -0.04159129653 -0.37591817510 1.292594917033 -1.74917790149 -0.87116085504 -0.16161922901 1.010308582021 -1.0          
10   -0.55219707964 -0.48894993501 0.150830299220 0.285592340735 -1.25449942665 1.642722792522 0.555623688419 -3.12153119138 -0.10130401820 1.274684500673 -1.0          
11   0.217826073091 -0.72467055248 0.271913181132 0.039242205525 -0.74539563660 0.882535848251 -0.09058440592 2.335747411933 0.683839837525 1.578211946465 0.071813243083 -1.0          
12   -0.83348524265 0.146903706840 -0.08337116879 0.268291908906 -0.67829530041 0.960563765774 0.706145470711 1.103786209174 1.016414663657 0.251594004922 0.783685791600 -2.06304589074 -1.0          
13   0.831880236073 -0.14744815688 0.083502463263 -0.26763973981 0.676122325384 -0.95760220900 -0.70587929239 -1.10387862520 -1.01539462650 -0.25231581292 -0.78236396020 -2.24804320697 1.000000762608 -1.0          
Correlation matrix from Choleski decomposition :
#    0              1              2              3              4              5              6              7              8              9              10             11             12             13            
0    1.0           
1    0.733402590230 -1.0          
2    -0.26988130004 1.017754815721 -1.0          
3    -0.38477764799 -1.36995566209 1.166936772348 -1.0          
4    1.757795879265 2.862050203928 -1.86985610544 0.859339907277 -1.0          
5    -2.34478844142 -3.46502881819 2.381914040750 -0.70884830881 0.966827017651 -1.0          
6    -0.76499455025 0.886670482700 -0.06175610415 -0.43902846920 1.384400100859 -1.89905385536 -1.0          
7    0.856317985691 -0.19692638417 0.102874282478 -0.27047175960 0.657966079746 -0.93802556401 -0.72050613983 1.0           
8    -0.28894154961 -0.50000256497 0.165416754109 0.193192141582 -0.99230088408 1.281747382999 0.314701400288 1.609318435992 1.0           
9    0.974273716249 0.212788225005 -0.04159129653 -0.37591817510 1.292594917033 -1.74917790149 -0.87116085504 -0.16161922901 1.010308582021 -1.0          
10   -0.55219707964 -0.48894993501 0.150830299220 0.285592340735 -1.25449942665 1.642722792522 0.555623688419 -3.12153119138 -0.10130401820 1.274684500673 -1.0          
11   0.217826073091 -0.72467055248 0.271913181132 0.039242205525 -0.74539563660 0.882535848251 -0.09058440592 2.335747411933 0.683839837525 1.578211946465 0.071813243083 -1.0          
12   -0.83348524265 0.146903706840 -0.08337116879 0.268291908906 -0.67829530041 0.960563765774 0.706145470711 1.103786209174 1.016414663657 0.251594004922 0.783685791600 -2.06304589074 -1.0          
13   0.831880236073 -0.14744815688 0.083502463263 -0.26763973981 0.676122325384 -0.95760220900 -0.70587929239 -1.10387862520 -1.01539462650 -0.25231581292 -0.78236396020 -2.24804320697 1.000000762608 -1.0          
