Jacobi matrix :
#    0              1              2              3              4              5              6              7              8              9              10             11             12             13            
0    1283968.020481
1    9221.497824199 7817.457349515
2    58417.89224739 45496.93744082 294370.3967828
3    384539.7113098 294437.4837623 2045475.313767 1.490685275147
4    2619651.733743 2048710.638110 1.492702902341 1.124203573698 8.680662147538
5    1.833910195526 1.494641758706 1.125407309899 8.678211060212 6.819985612382 5.431538448518
6    -4619556.96724 1063136.764006 6121970.002258 3.872161467718 2.635389509397 1.890059424605 2.976739411359
7    1675.089521034 9.429303336020 12.39927065819 -217.087143661 -3352.17824380 -35370.1174212 -7966.34383369 386640.5938013
8    -279.153673284 -49.3505219207 -279.009566328 -1617.06274862 -9689.67226055 -60062.3667793 37075.44112750 11845.62791026 348423.9889380
9    1293826.446989 4743.642076428 36976.85867803 283396.8234985 2109991.139580 1.530823166281 1.415996059787 -76310.8071273 218973.6410824 3.481767216645
10   35032.00225051 1567.024772035 4568.935872986 4349.317881428 -130425.426354 -2091615.15564 5874002.868118 -172595.064999 186453.8203361 6.137971603271 8.250585670454
11   -17.5975469008 -1.94317204839 -10.3553441219 -61.0187142967 -391.616221047 -2682.71954208 -338.585627963 -0.22876107653 0.047286255097 51.77577182447 5.608775017398 0.007927522433
12   4258.109752513 423.9689000509 2910.907325202 20505.54753783 148218.2540762 1095803.748052 -326542.684981 -1066.94643199 2135.434102749 -6046.66322798 -6659.85418602 -1.80798496501 68217.77124230
13   5719.424429657 -1832.15910701 -12447.7490522 -89174.0064622 -664673.881314 -5095233.43700 -3068505.30825 -4.49458306363 39.65616527190 -23840.2584406 -3641.65447287 0.062314130699 11.01770148919 4871.647538028
Correlation matrix:
#    0              1              2              3              4              5              6              7              8              9              10             11             12             13            
0    1.0           
1    0.372734053705 -1.0          
2    -0.08723399985 1.049725365158 -1.0          
3    -0.56545733645 -1.52133470409 1.224697628170 -1.0          
4    4.938517214550 8.202295895649 -4.92808843957 1.539685797851 -1.0          
5    -2.94186153749 -4.27518623724 2.708088583665 -0.29740698809 -0.80381161749 1.0           
6    -3.63908086792 3.507935465695 -0.58471498158 -0.28874643443 4.620638028028 -2.59170919257 -1.0          
7    -0.03362144715 0.011930744716 -0.00113883431 0.005194027594 -0.00200007606 0.007477823342 0.107664979673 1.0           
8    -0.54182012766 -0.18566784030 0.016954379756 0.358393082276 -3.00898000860 1.772501056117 2.264578493495 1.357222412703 1.0           
9    0.534522130301 0.226897846415 -0.04254078218 -0.33663274076 2.950451632460 -1.73552924203 -2.20863571518 -0.00796466856 0.906490947506 -1.0          
10   -1.67479731828 -0.41413464372 9.906118501320 1.074440904664 -8.68964898664 5.140582162359 6.978127040355 -2.36816034989 0.883573219285 2.684512343718 -1.0          
11   0.421950774683 -0.31590900749 0.126309579384 -0.16740553375 0.598309568447 -0.43360089485 -1.45148938993 0.055147099026 -0.27592419215 0.391987781619 -0.61329090839 1.0           
12   0.425268174662 -0.31649529260 0.150696750457 -0.21879340954 0.836265217969 -0.56403380820 -1.62454152990 -0.06912113070 -0.21640826212 0.156307899865 -0.96311405958 -0.52016641075 1.0           
13   -0.42540430976 0.316418141683 -0.15068053340 0.218883697118 -0.83704664121 0.564495502286 1.624704224826 0.069115187052 0.216479987472 -0.15639415546 0.963371240128 -1.01670753653 -0.99999998866 1.0           
Correlation matrix from Choleski decomposition :
#    0              1              2              3              4              5              6              7              8              9              10             11             12             13            
0    1.0           
1    0.372734053705 -1.0          
2    -0.08723399985 1.049725365158 -1.0          
3    -0.56545733645 -1.52133470409 1.224697628170 -1.0          
4    4.938517214550 8.202295895649 -4.92808843957 1.539685797851 -1.0          
5    -2.94186153749 -4.27518623724 2.708088583665 -0.29740698809 -0.80381161749 1.0           
6    -3.63908086792 3.507935465695 -0.58471498158 -0.28874643443 4.620638028028 -2.59170919257 -1.0          
7    -0.03362144715 0.011930744716 -0.00113883431 0.005194027594 -0.00200007606 0.007477823342 0.107664979673 1.0           
8    -0.54182012766 -0.18566784030 0.016954379756 0.358393082276 -3.00898000860 1.772501056117 2.264578493495 1.357222412703 1.0           
9    0.534522130301 0.226897846415 -0.04254078218 -0.33663274076 2.950451632460 -1.73552924203 -2.20863571518 -0.00796466856 0.906490947506 -1.0          
10   -1.67479731828 -0.41413464372 9.906118501320 1.074440904664 -8.68964898664 5.140582162359 6.978127040355 -2.36816034989 0.883573219285 2.684512343718 -1.0          
11   0.421950774683 -0.31590900749 0.126309579384 -0.16740553375 0.598309568447 -0.43360089485 -1.45148938993 0.055147099026 -0.27592419215 0.391987781619 -0.61329090839 1.0           
12   0.425268174662 -0.31649529260 0.150696750457 -0.21879340954 0.836265217969 -0.56403380820 -1.62454152990 -0.06912113070 -0.21640826212 0.156307899865 -0.96311405958 -0.52016641075 1.0           
13   -0.42540430976 0.316418141683 -0.15068053340 0.218883697118 -0.83704664121 0.564495502286 1.624704224826 0.069115187052 0.216479987472 -0.15639415546 0.963371240128 -1.01670753653 -0.99999998866 1.0           
