Jacobi matrix :
#    0              1              2              3              4              5              6              7              8              9              10             11             12             13            
0    1196260.607386
1    9591.480314857 7664.352109720
2    59632.72659195 44670.70894298 289519.4300944
3    388162.4786957 289317.7970004 2013556.305765 1.468728881717
4    2627672.265186 2014326.775478 1.470314864991 1.108273058616 8.561933384369
5    1.833236917495 1.470439961326 1.109139801979 8.559386670544 6.729504902765 5.361359264360
6    -1936269.22752 1079423.217878 6235011.514800 3.952246739323 2.694396576898 1.934948147580 3.016637673970
7    2350.912082239 -9.75236612790 -126.209632300 -1212.85098345 -10635.0212948 -89889.7266023 -38780.5959086 325967.3048512
8    146.6740508054 6.964295852531 33.20130499268 232.7190186391 1837.990489735 14342.84679033 222553.7737029 9416.272436289 292824.2123638
9    1418201.915414 -276.694542622 1691.436931175 19925.15764240 85616.66251569 -474986.883321 4784635.357646 -71065.3148009 202834.2358457 2.973329720903
10   41696.10380528 5123.241478371 26552.52566186 147168.8899430 835486.7289003 4652747.478164 9002809.654677 -153569.462152 184192.4973305 5.201025641644 6.919183577748
11   -16.9892510111 -1.74487154619 -9.26910048258 -54.4628933883 -349.014765525 -2390.92511618 -323.984521779 -0.20238670081 -0.09888930022 48.09843115152 2.643392006650 0.005922491954
12   10961.30596748 846.1813812502 5694.588766050 40175.23606083 294363.2683400 2219279.510068 -533999.786775 3214.175311663 3235.647400406 115463.2736046 -88243.8609097 -3.83636026841 131721.4544705
13   3071.212278069 -1714.64050072 -11682.7254589 -83828.2437159 -625454.307934 -4797878.11896 -2868848.89105 38.97351945179 -141.424584787 -7920.20353885 -9701.36217069 0.050193440865 331.2524696664 4210.158191200
Correlation matrix:
#    0              1              2              3              4              5              6              7              8              9              10             11             12             13            
0    1.0           
1    -0.98719364228 1.0           
2    1.290946802820 -1.17038161784 1.0           
3    -1.87954230413 1.228249853635 -0.32497794391 -1.0          
4    0.133023528576 0.585099746241 -1.43811678458 1.844212387501 -1.0          
5    -0.52157598222 -0.22534391857 1.078591366789 -0.89539552585 1.035555148850 -1.0          
6    -1.09633115792 1.225898139939 -1.52126811094 1.526468508055 0.634931380810 -0.34391002512 1.0           
7    -0.89325524713 0.961392313164 -1.27052166856 1.626389136407 0.152703475335 0.172513951066 0.986441309263 1.0           
8    -0.97632788121 1.008858962683 -1.33050134813 1.821897122535 0.004659397406 0.364298495412 1.080108980919 0.997462823872 1.0           
9    1.096126522666 -1.07836656247 1.413699146628 -2.08044303877 0.174877415952 -0.60140824817 -1.21393663519 -0.96626470639 -0.98261373017 1.0           
10   -1.06570706327 1.021476193622 -1.33788140136 2.054653173023 -0.27742439687 0.700978325237 1.182828247886 0.764686466203 1.022846861355 -0.92038321712 1.0           
11   0.918977336368 -0.98809360502 1.299626618847 -1.64973021584 -0.16467063119 -0.16815649252 -1.00345998206 -0.76097237281 -0.87233819316 1.035769538767 -1.01473774830 1.0           
12   0.958502116631 -1.03778462206 1.373351507909 -1.74585412628 -0.17660127716 -0.17226416813 -1.05869836450 -0.92696491543 -0.97474887030 1.045171588980 -0.99153884099 0.823662447491 1.0           
13   -0.95850643996 1.037784371711 -1.37335092211 1.745867136401 0.176584760014 0.172283716716 1.058698826642 0.926964708223 0.974750978248 -1.04517718804 0.991545904537 -0.95268575504 -0.99999999988 1.0           
Correlation matrix from Choleski decomposition :
#    0              1              2              3              4              5              6              7              8              9              10             11             12             13            
0    1.0           
1    -0.98719364228 1.0           
2    1.290946802820 -1.17038161784 1.0           
3    -1.87954230413 1.228249853635 -0.32497794391 -1.0          
4    0.133023528576 0.585099746241 -1.43811678458 1.844212387501 -1.0          
5    -0.52157598222 -0.22534391857 1.078591366789 -0.89539552585 1.035555148850 -1.0          
6    -1.09633115792 1.225898139939 -1.52126811094 1.526468508055 0.634931380810 -0.34391002512 1.0           
7    -0.89325524713 0.961392313164 -1.27052166856 1.626389136407 0.152703475335 0.172513951066 0.986441309263 1.0           
8    -0.97632788121 1.008858962683 -1.33050134813 1.821897122535 0.004659397406 0.364298495412 1.080108980919 0.997462823872 1.0           
9    1.096126522666 -1.07836656247 1.413699146628 -2.08044303877 0.174877415952 -0.60140824817 -1.21393663519 -0.96626470639 -0.98261373017 1.0           
10   -1.06570706327 1.021476193622 -1.33788140136 2.054653173023 -0.27742439687 0.700978325237 1.182828247886 0.764686466203 1.022846861355 -0.92038321712 1.0           
11   0.918977336368 -0.98809360502 1.299626618847 -1.64973021584 -0.16467063119 -0.16815649252 -1.00345998206 -0.76097237281 -0.87233819316 1.035769538767 -1.01473774830 1.0           
12   0.958502116631 -1.03778462206 1.373351507909 -1.74585412628 -0.17660127716 -0.17226416813 -1.05869836450 -0.92696491543 -0.97474887030 1.045171588980 -0.99153884099 0.823662447491 1.0           
13   -0.95850643996 1.037784371711 -1.37335092211 1.745867136401 0.176584760014 0.172283716716 1.058698826642 0.926964708223 0.974750978248 -1.04517718804 0.991545904537 -0.95268575504 -0.99999999988 1.0           
