Jacobi matrix :
#    0              1              2              3              4              5              6              7              8              9              10             11             12             13            
0    1253512.738159
1    9868.246510820 7627.546953556
2    61380.11374277 44522.31841766 288777.7272701
3    400182.3872518 289053.9624797 2012267.390944 1.470201586679
4    2706227.085415 2012029.750677 1.468623125847 1.108656538191 8.558721393987
5    1.888780656091 1.470771012390 1.109216927240 8.572251017588 6.734622988944 5.371548378095
6    -2258263.84453 1087048.751885 6293717.018761 4.002899878024 2.730663235198 1.965103696670 3.058528347015
7    2361.416437116 -2.60041699100 -43.5653551495 -491.655270137 -4788.66026641 -43639.1374116 -44890.6259023 339842.1572976
8    -852.697994552 6.698321930677 72.20863048619 679.7335823912 5931.784673715 50002.52761937 277478.6874412 10198.83636531 306478.5106670
9    1455909.003603 -1082.94093360 -242.553773514 23052.40638303 184224.1789586 578925.9985563 5347076.273325 -68945.3476409 209619.1247580 3.113721592173
10   54039.62957151 4478.653879580 24298.94468495 143045.2008937 866536.5580768 5220750.289700 6691365.180325 -156722.746351 182751.7356523 5.467523430223 7.313831603950
11   -17.6481309150 -1.81460880952 -9.72951939340 -57.6996711234 -371.442433444 -2554.42748324 -331.393064730 -0.17820127461 0.081169513889 43.89317057998 2.406865259064 0.008107843950
12   18220.68954960 6364.965848227 42971.37068109 306269.5785967 2266634.558265 1.729407858235 2414655.968619 -20886.6030979 -15303.6226436 472170.1098160 214214.2105167 -30.5048443428 1073170.326355
13   3527.394794288 -1761.11605361 -12013.0834426 -86402.9890351 -644629.191698 -4953196.28096 -2977916.55341 27.56140258034 -186.607573710 -8341.16914496 -7956.54603864 0.062380835602 -2309.20050661 4474.903257155
Correlation matrix:
#    0              1              2              3              4              5              6              7              8              9              10             11             12             13            
0    1.0           
1    0.831204296742 -1.0          
2    -0.46654720840 0.910255207195 -1.0          
3    -0.36487890173 -0.92690412930 1.093009528062 -1.0          
4    1.813075807255 1.169538185453 -1.26579684436 0.734966141482 -1.0          
5    -2.10956842806 -1.28238195477 1.473248558702 -0.58366861943 0.970438260806 -1.0          
6    -0.50494650693 0.479911466447 0.017673029398 -0.46148462243 1.029476978184 -1.30917542139 -1.0          
7    -0.50354416703 0.266811982662 -0.12225933931 0.079799013218 0.016633309296 0.023525188248 0.267266341867 1.0           
8    -0.76752911984 -0.18950640877 0.104869756613 0.254821926574 -0.88868844609 1.057668500099 0.481468213402 1.377258988720 1.0           
9    0.231397145312 0.518524797908 -0.27140080211 -0.14734863058 0.885060486168 -1.00439185142 -0.18218924958 -0.27905814785 0.597565063453 -1.0          
10   -0.32191235648 -0.74554675539 0.381944950145 0.226849785276 -1.31034654291 1.487283953619 0.273545958407 -0.76086671260 0.406818101080 1.463457117439 -1.0          
11   0.555348639637 -0.00687525174 -0.02109947164 -0.12011860074 0.370441651740 -0.45269488130 -0.25748383511 -1.06410345527 -1.11939515304 -0.04289296670 0.355579578920 1.0           
12   -1.05494694682 0.644910613481 -0.31218084815 0.179981293538 0.075614068758 0.006876790287 0.565827361504 -0.43057563471 0.209176260044 -0.71393274397 1.033632599141 -2.62391605822 -1.0          
13   1.054826689035 -0.64491698344 0.312184710367 -0.17994462389 -0.07571558079 -0.00675237962 -0.56581443236 0.430576817756 -0.20912032034 0.713873624743 -1.03354166441 -0.09737386039 1.000000003422 -1.0          
Correlation matrix from Choleski decomposition :
#    0              1              2              3              4              5              6              7              8              9              10             11             12             13            
0    1.0           
1    0.831204296742 -1.0          
2    -0.46654720840 0.910255207195 -1.0          
3    -0.36487890173 -0.92690412930 1.093009528062 -1.0          
4    1.813075807255 1.169538185453 -1.26579684436 0.734966141482 -1.0          
5    -2.10956842806 -1.28238195477 1.473248558702 -0.58366861943 0.970438260806 -1.0          
6    -0.50494650693 0.479911466447 0.017673029398 -0.46148462243 1.029476978184 -1.30917542139 -1.0          
7    -0.50354416703 0.266811982662 -0.12225933931 0.079799013218 0.016633309296 0.023525188248 0.267266341867 1.0           
8    -0.76752911984 -0.18950640877 0.104869756613 0.254821926574 -0.88868844609 1.057668500099 0.481468213402 1.377258988720 1.0           
9    0.231397145312 0.518524797908 -0.27140080211 -0.14734863058 0.885060486168 -1.00439185142 -0.18218924958 -0.27905814785 0.597565063453 -1.0          
10   -0.32191235648 -0.74554675539 0.381944950145 0.226849785276 -1.31034654291 1.487283953619 0.273545958407 -0.76086671260 0.406818101080 1.463457117439 -1.0          
11   0.555348639637 -0.00687525174 -0.02109947164 -0.12011860074 0.370441651740 -0.45269488130 -0.25748383511 -1.06410345527 -1.11939515304 -0.04289296670 0.355579578920 1.0           
12   -1.05494694682 0.644910613481 -0.31218084815 0.179981293538 0.075614068758 0.006876790287 0.565827361504 -0.43057563471 0.209176260044 -0.71393274397 1.033632599141 -2.62391605822 -1.0          
13   1.054826689035 -0.64491698344 0.312184710367 -0.17994462389 -0.07571558079 -0.00675237962 -0.56581443236 0.430576817756 -0.20912032034 0.713873624743 -1.03354166441 -0.09737386039 1.000000003422 -1.0          
