Jacobi matrix :
#    0              1              2              3              4              5              6              7              8              9              10             11             12             13            
0    1258806.356796
1    9317.572018447 7652.314085229
2    58004.94142714 44615.67215910 289371.0546854
3    376756.3697002 289121.4401367 2013966.851798 1.470146122981
4    2538497.008051 2012465.438894 1.470318440920 1.109121775152 8.566756465255
5    1.763084041456 1.469769191957 1.109664662570 8.569945183084 6.736457640287 5.369466157544
6    -3071847.47251 910344.9297912 5275361.310231 3.349217683026 2.281848715001 1.637358520826 2.777560469466
7    579.2693332024 23.65689338598 110.2191340697 488.8996501225 1993.138421637 6778.234102197 12948.22755817 442007.5032794
8    -2197.19211569 197.6940795781 1854.753152725 16664.88231822 146781.9334006 1280350.313126 29786.11847924 13088.15491351 473053.6172634
9    1197942.762191 3106.943436893 23713.13757336 171127.2302754 1159670.049520 7365662.058356 -72391.5528493 -98764.6835803 251645.8056534 3.916336324546
10   7778.956814499 4320.704862938 20262.55705364 99684.12565812 482094.4676406 2033435.128604 1.342799124599 -199275.386232 221157.9841832 6.848428048235 9.091738664559
11   -8.04827163051 -0.75579542702 -3.99372666221 -23.3335726574 -148.594951279 -1012.92245735 7.124559479728 -0.11346346331 0.008714040353 20.74272622519 3.340214901177 0.001278734586
12   -3017.11487527 670.6935143998 4139.908039052 27367.62161468 190260.0224751 1372882.508698 1124177.175843 -3623.68641824 -15801.2365942 375843.6802329 59995.67771752 -0.98929772470 86180.82004983
13   3550.108970714 -1641.59851869 -11190.5840487 -80254.0921869 -597596.141207 -4577002.78937 -2920974.02929 -41.9222628438 3.063940559242 -10758.5391470 -12735.4869129 -0.10322066920 -997.944604311 4717.241546909
Correlation matrix:
#    0              1              2              3              4              5              6              7              8              9              10             11             12             13            
0    1.0           
1    0.484248004287 -1.0          
2    -0.20205873820 0.961217640022 -1.0          
3    -0.49753831840 -1.17035825617 1.164067168683 -1.0          
4    2.394177298043 2.465019698092 -1.99832439774 0.810689221871 -1.0          
5    -5.06217722706 -4.61038469082 3.980734082325 -0.79237582626 1.110220583611 -1.0          
6    -1.53702059090 1.243599089533 -0.18726291459 -0.33880179508 1.447128876116 -3.09444414830 -1.0          
7    -0.87093764529 1.935327366535 -0.76883491349 -0.14648313161 2.776704635408 -5.44843271774 0.220276995491 1.0           
8    -0.71621683083 0.095037353279 -0.05156476368 0.292044712564 -0.97407090357 2.122471914953 1.021495002388 4.030730912638 1.0           
9    0.290872384293 0.460275925041 -0.18557493287 -0.22664238441 1.380305012935 -2.84552943890 -0.67460474831 -2.74879544108 0.340971310215 -1.0          
10   -0.81129926444 -0.57865064879 0.218158144231 0.495727704418 -2.50254868316 5.214363614978 1.539445408713 -3.28342496893 0.908287251421 1.621265370579 -1.0          
11   0.992155381397 -0.46626031299 0.201800007041 -0.31558543241 0.660638090173 -1.56938443563 -1.19984050281 -3.14568591186 -1.22759191197 0.075870845190 -0.67858843099 1.0           
12   -0.24250845250 0.476963496297 -0.19234270336 -0.01688987105 0.594385060312 -1.13404952711 0.103224511314 -3.95756323852 -0.57098879917 -0.67650592456 0.611285202693 -0.88431502605 -1.0          
13   0.242433429766 -0.47698489009 0.192348874737 0.016929607645 -0.59454399335 1.134387922369 -0.10318190545 3.957539092799 0.571026190642 0.676471814846 -0.61120651608 -1.48329833651 1.000000002601 -1.0          
Correlation matrix from Choleski decomposition :
#    0              1              2              3              4              5              6              7              8              9              10             11             12             13            
0    1.0           
1    0.484248004287 -1.0          
2    -0.20205873820 0.961217640022 -1.0          
3    -0.49753831840 -1.17035825617 1.164067168683 -1.0          
4    2.394177298043 2.465019698092 -1.99832439774 0.810689221871 -1.0          
5    -5.06217722706 -4.61038469082 3.980734082325 -0.79237582626 1.110220583611 -1.0          
6    -1.53702059090 1.243599089533 -0.18726291459 -0.33880179508 1.447128876116 -3.09444414830 -1.0          
7    -0.87093764529 1.935327366535 -0.76883491349 -0.14648313161 2.776704635408 -5.44843271774 0.220276995491 1.0           
8    -0.71621683083 0.095037353279 -0.05156476368 0.292044712564 -0.97407090357 2.122471914953 1.021495002388 4.030730912638 1.0           
9    0.290872384293 0.460275925041 -0.18557493287 -0.22664238441 1.380305012935 -2.84552943890 -0.67460474831 -2.74879544108 0.340971310215 -1.0          
10   -0.81129926444 -0.57865064879 0.218158144231 0.495727704418 -2.50254868316 5.214363614978 1.539445408713 -3.28342496893 0.908287251421 1.621265370579 -1.0          
11   0.992155381397 -0.46626031299 0.201800007041 -0.31558543241 0.660638090173 -1.56938443563 -1.19984050281 -3.14568591186 -1.22759191197 0.075870845190 -0.67858843099 1.0           
12   -0.24250845250 0.476963496297 -0.19234270336 -0.01688987105 0.594385060312 -1.13404952711 0.103224511314 -3.95756323852 -0.57098879917 -0.67650592456 0.611285202693 -0.88431502605 -1.0          
13   0.242433429766 -0.47698489009 0.192348874737 0.016929607645 -0.59454399335 1.134387922369 -0.10318190545 3.957539092799 0.571026190642 0.676471814846 -0.61120651608 -1.48329833651 1.000000002601 -1.0          
