Jacobi matrix :
#    0              1              2              3              4              5              6              7              8              9              10             11             12             13            
0    1245744.570536
1    9769.326509995 7640.183198960
2    60890.47435938 44579.80396050 289101.5247286
3    397647.2434902 289299.3994805 2013794.810101 1.470783378142
4    2694565.828629 2014137.629661 1.470027601436 1.109269147295 8.564345823062
5    1.881683376548 1.470693188502 1.109012332628 8.566765149102 6.730678025126 5.361505893530
6    -2261927.11892 1091730.093026 6318300.880555 4.016952480026 2.741171534192 1.970894448511 3.074579778046
7    2336.915577707 -1.02090915164 -50.7949130357 -619.310517965 -6016.49513696 -53620.9145779 -48059.1339725 340292.1954077
8    -473.885410229 -3.44363340525 -27.4311340982 -181.880829126 -1298.36322506 -10614.2195356 205068.0879267 9688.497790215 308609.1289153
9    1447369.498393 114.3251925101 7045.184654298 68761.73810964 479827.4557978 2553816.610412 8311409.363315 -70375.2016116 191944.1698801 3.103270648646
10   46946.86043113 4380.388089340 21798.20707447 114763.2495383 607458.5510642 3032643.435774 1.529054821202 -153132.832842 189643.1850191 5.478456307258 7.380718862581
11   -17.5917387932 -1.79411135921 -9.56323027924 -56.4295503219 -362.258577407 -2485.28382461 -332.802405369 -0.17566392876 -0.10128012864 50.44600634377 1.958230482015 0.006304773421
12   -42.7807382923 1766.774364646 11748.68421322 82596.84574029 605286.8273576 4582977.840309 1097467.608924 18773.27455809 1340.681568447 -121689.247429 -28630.2136655 -7.61135076439 254780.1982430
13   3498.225814545 -1762.82082441 -12025.1556980 -86475.6854995 -645424.550814 -4954612.14384 -2984151.95380 43.64324450429 -131.462376015 -13203.5971560 -13448.7945874 0.048533269561 -356.549636465 4472.818816083
Correlation matrix:
#    0              1              2              3              4              5              6              7              8              9              10             11             12             13            
0    1.0           
1    0.377333878506 -1.0          
2    -0.21281961549 0.943276268552 -1.0          
3    -0.35670656817 -1.00927585354 1.099119871883 -1.0          
4    1.256427806190 1.369689517681 -1.27705184354 0.749060252950 -1.0          
5    -1.47402778697 -1.42883191713 1.435325145890 -0.58815227126 0.973683814345 -1.0          
6    -0.67739990204 0.901924505139 -0.10695038562 -0.46036369576 1.175772908653 -1.42022385213 -1.0          
7    0.342887765693 -0.26277348350 0.114922380115 -0.08879797433 0.040820163909 -0.08143034062 -0.25918156622 1.0           
8    -0.57643236369 -1.27265467600 0.575597260609 0.408429639988 -2.04058525892 2.292837853256 0.561405142030 2.094796424656 1.0           
9    0.749545527088 0.304744761899 -0.15678280592 -0.29716202360 1.028309549953 -1.19435199510 -0.61526939857 0.281368939667 2.503578690747 -1.0          
10   -3.91209110563 -0.30155482675 0.210952655675 1.418592439720 -4.02600118025 4.783896613525 3.174519139255 -4.02206040856 6.089682972318 2.912627642636 1.0           
11   0.954328188661 -0.75312061300 0.306091184178 -0.19546331128 2.129695128336 -0.09764569414 -0.63307562437 1.330100003542 1.778368899659 0.922648549159 -6.84612371086 1.0           
12   -0.53014415142 0.439579691167 -0.18570944370 0.117046547550 0.014063243488 0.036713789136 0.388688286212 0.609130267882 2.493228938275 -0.49972888982 -0.08283904705 -1.97530111205 -1.0          
13   0.530015801448 -0.43959055874 0.185714966537 -0.11699704060 -0.01419172951 -0.03655950442 -0.38867916743 -0.60914305960 -2.49304797438 0.499615252736 0.083281759709 -1.83563297526 1.000000006437 -1.0          
Correlation matrix from Choleski decomposition :
#    0              1              2              3              4              5              6              7              8              9              10             11             12             13            
0    1.0           
1    0.377333878506 -1.0          
2    -0.21281961549 0.943276268552 -1.0          
3    -0.35670656817 -1.00927585354 1.099119871883 -1.0          
4    1.256427806190 1.369689517681 -1.27705184354 0.749060252950 -1.0          
5    -1.47402778697 -1.42883191713 1.435325145890 -0.58815227126 0.973683814345 -1.0          
6    -0.67739990204 0.901924505139 -0.10695038562 -0.46036369576 1.175772908653 -1.42022385213 -1.0          
7    0.342887765693 -0.26277348350 0.114922380115 -0.08879797433 0.040820163909 -0.08143034062 -0.25918156622 1.0           
8    -0.57643236369 -1.27265467600 0.575597260609 0.408429639988 -2.04058525892 2.292837853256 0.561405142030 2.094796424656 1.0           
9    0.749545527088 0.304744761899 -0.15678280592 -0.29716202360 1.028309549953 -1.19435199510 -0.61526939857 0.281368939667 2.503578690747 -1.0          
10   -3.91209110563 -0.30155482675 0.210952655675 1.418592439720 -4.02600118025 4.783896613525 3.174519139255 -4.02206040856 6.089682972318 2.912627642636 1.0           
11   0.954328188661 -0.75312061300 0.306091184178 -0.19546331128 2.129695128336 -0.09764569414 -0.63307562437 1.330100003542 1.778368899659 0.922648549159 -6.84612371086 1.0           
12   -0.53014415142 0.439579691167 -0.18570944370 0.117046547550 0.014063243488 0.036713789136 0.388688286212 0.609130267882 2.493228938275 -0.49972888982 -0.08283904705 -1.97530111205 -1.0          
13   0.530015801448 -0.43959055874 0.185714966537 -0.11699704060 -0.01419172951 -0.03655950442 -0.38867916743 -0.60914305960 -2.49304797438 0.499615252736 0.083281759709 -1.83563297526 1.000000006437 -1.0          
