Jacobi matrix :
#    0              1              2              3              4              5              6              7              8              9              10             11             12             13            
0    1303313.017475
1    9228.589687602 7628.189105417
2    58364.48254556 44541.94721760 289007.1837221
3    383666.6962141 288845.8669192 2011526.972784 1.467952564897
4    2611131.172104 2012659.980403 1.469599695083 1.108103951032 8.563287930934
5    1.825380637419 1.468982153906 1.108256916293 8.554870952622 6.727905130345 5.357976009911
6    -4336751.94425 1051126.959998 6063953.619260 3.840026209560 2.616013907132 1.876492187710 2.969854310358
7    1444.509207574 14.28650614472 44.92176999934 11.29636837450 -1728.70675026 -23873.8963563 61919.91780727 386378.0382701
8    -69.4134655767 -70.7772276661 -360.428979785 -1967.05360614 -11501.5671997 -71428.9005533 -74474.0843624 10927.32781318 347369.5177294
9    1411738.424484 822.5382148157 17979.02839897 175766.6362436 1423774.355135 1.061644555075 -9430122.19821 -86575.3713788 224574.0693064 3.487197878892
10   73942.59477364 554.7765956513 -84.7886395594 -20548.7767207 -279770.111935 -3038895.27202 -2159371.42142 -175835.972441 197903.9864592 6.126725085707 8.209648573377
11   -17.9799401336 -1.88408696335 -10.0074969591 -58.7766064100 -376.402077868 -2574.70222115 -321.577445342 -0.26221731322 0.103359703289 52.71842880492 7.873743814480 0.006997801321
12   -1573.47819955 239.9151190224 1551.255238727 10651.02778197 76423.81369485 565253.7072018 278222.2407825 6498.209693462 668.4275105646 -35960.8755137 -69108.5333104 -0.82748061484 36874.56697642
13   5570.639192290 -1818.87285594 -12381.8012891 -88799.0192207 -662384.402608 -5077485.76125 -3070557.20076 -55.9045194172 130.5178570082 -6576.68846222 2363.027327117 0.043427381062 -142.552988336 4892.555203370
Correlation matrix:
#    0              1              2              3              4              5              6              7              8              9              10             11             12             13            
0    1.0           
1    0.518268767882 -1.0          
2    -0.16492030806 1.018849473816 -1.0          
3    -0.49513194564 -1.40353828748 1.195263281136 -1.0          
4    2.779604919460 4.198035995880 -2.72527132805 1.017800441990 -1.0          
5    -8.68776686447 -11.7368198494 8.022741761162 -1.51844282678 0.995247765890 1.0           
6    -1.36425135993 1.260971565243 -0.14299112286 -0.35749831974 1.793338450178 -5.64674728539 -1.0          
7    0.275742871393 -0.16672690253 0.079084290989 -0.11028324841 0.247466290281 -0.89204602446 -0.38488404163 1.0           
8    -5.75967248672 -7.49681682674 2.492156294288 3.852859959492 -26.7499986584 80.92912241956 9.893070574168 16.00300927509 1.0           
9    0.558278557649 0.275407624582 -0.07930473298 -0.29134853436 1.610981067221 -4.99921644859 -0.87613508126 0.197088774696 19.43209651132 -1.0          
10   -1.10260749304 -0.28674330574 0.054621784683 0.550282740398 -2.73241289621 8.575301275286 1.709229954811 -1.30857649695 22.01516498129 1.416544424667 -1.0          
11   3.957555003538 -2.79877586878 1.254575036401 -1.46286860832 2.687912866537 -10.3748475642 -5.36380262560 7.164351969814 70.32672662908 2.980728674729 -9.93816231045 1.0           
12   -0.25578801997 0.151002193436 -0.06794835443 0.093621035869 -0.18991656478 0.708791537458 0.359141592032 1.040850136544 20.53124716617 -0.15794424292 -0.61405040864 -6.53555613625 -1.0          
13   0.255491716144 -0.15112281639 0.067972332391 -0.09345468995 0.189111087596 -0.70626029443 -0.35901349560 -1.04087142463 -20.5284146776 0.157766902885 0.614363652676 -17.4951211421 1.000000041268 -1.0          
Correlation matrix from Choleski decomposition :
#    0              1              2              3              4              5              6              7              8              9              10             11             12             13            
0    1.0           
1    0.518268767882 -1.0          
2    -0.16492030806 1.018849473816 -1.0          
3    -0.49513194564 -1.40353828748 1.195263281136 -1.0          
4    2.779604919460 4.198035995880 -2.72527132805 1.017800441990 -1.0          
5    -8.68776686447 -11.7368198494 8.022741761162 -1.51844282678 0.995247765890 1.0           
6    -1.36425135993 1.260971565243 -0.14299112286 -0.35749831974 1.793338450178 -5.64674728539 -1.0          
7    0.275742871393 -0.16672690253 0.079084290989 -0.11028324841 0.247466290281 -0.89204602446 -0.38488404163 1.0           
8    -5.75967248672 -7.49681682674 2.492156294288 3.852859959492 -26.7499986584 80.92912241956 9.893070574168 16.00300927509 1.0           
9    0.558278557649 0.275407624582 -0.07930473298 -0.29134853436 1.610981067221 -4.99921644859 -0.87613508126 0.197088774696 19.43209651132 -1.0          
10   -1.10260749304 -0.28674330574 0.054621784683 0.550282740398 -2.73241289621 8.575301275286 1.709229954811 -1.30857649695 22.01516498129 1.416544424667 -1.0          
11   3.957555003538 -2.79877586878 1.254575036401 -1.46286860832 2.687912866537 -10.3748475642 -5.36380262560 7.164351969814 70.32672662908 2.980728674729 -9.93816231045 1.0           
12   -0.25578801997 0.151002193436 -0.06794835443 0.093621035869 -0.18991656478 0.708791537458 0.359141592032 1.040850136544 20.53124716617 -0.15794424292 -0.61405040864 -6.53555613625 -1.0          
13   0.255491716144 -0.15112281639 0.067972332391 -0.09345468995 0.189111087596 -0.70626029443 -0.35901349560 -1.04087142463 -20.5284146776 0.157766902885 0.614363652676 -17.4951211421 1.000000041268 -1.0          
