Jacobi matrix :
#    0              1              2              3              4              5              6              7              8              9              10             11             12             13            
0    1302824.608032
1    9228.724062597 7672.277861821
2    58540.39338496 44838.11210808 291087.2934976
3    385148.3564458 290646.0279650 2025039.377411 1.477180535453
4    2620774.522461 2023463.041229 1.478271608860 1.114240847886 8.604774904152
5    1.833471731052 1.477416107964 1.115286705048 8.606494663666 6.764071005451 5.389729425911
6    -4496881.22635 1052549.536300 6073334.075506 3.843281682926 2.615587543566 1.876606154612 2.963627294990
7    1486.523432699 9.135023807274 21.88104114457 -51.8400233307 -1388.39325936 -15111.3496822 20178.57855935 387174.7723807
8    -725.975077349 -40.5093230482 -220.599816770 -1252.34485474 -7509.19093187 -47675.7998447 45119.59182414 10834.80655010 348821.8570264
9    1297821.987433 4594.045638985 30709.87661516 203506.6383590 1294140.780815 7723861.090883 1.436748514558 -70828.7107651 227818.8595038 3.505146046657
10   28241.00677135 3448.378478041 15026.40007850 63757.99078913 206736.0993970 -218603.147591 2158916.375332 -177752.318286 211535.6286653 6.175814227150 8.218183742120
11   -17.3750284170 -1.93009905450 -10.1908182553 -59.5002903820 -379.243933440 -2588.78977248 -380.596769129 -0.50482009786 -0.07695712647 58.25375903206 7.540918975771 0.017940322678
12   121.7590930129 2184.465200754 14741.82344318 104632.2552210 772727.7285619 5879409.042732 1805333.823456 12645.35513407 -7305.73039985 -455489.127576 -362410.107805 -9.50295454409 363597.1807189
13   5608.457745895 -1819.98121321 -12393.4870771 -88832.0093957 -662017.040045 -5076042.78084 -3061518.75008 -19.4387771531 30.03061829708 -22021.9967004 -4653.40045365 0.080580501184 -1208.83797258 4873.249483536
Correlation matrix:
#    0              1              2              3              4              5              6              7              8              9              10             11             12             13            
0    1.0           
1    0.831151828410 -1.0          
2    -0.30688501382 0.998065431147 -1.0          
3    -0.46646173504 -1.36799843938 1.194417947053 -1.0          
4    3.219434570838 4.134745304703 -2.79312789512 1.051157449030 -1.0          
5    -10.2605294277 -12.1773810210 8.608965675081 -1.73910515323 1.017430851143 1.0           
6    -0.99015790361 0.718406956417 0.002152641927 -0.38781481136 1.562468460632 -5.28939848299 -1.0          
7    0.083368598306 -0.10274983500 0.047845848060 -0.02577924661 -0.02031991449 0.003843040444 -0.07624866246 1.0           
8    -0.28202164758 -0.64324628854 0.229436172138 0.233406033192 -1.94975655646 6.048948895104 0.410026943923 1.577330160220 1.0           
9    0.284851007754 0.413667417777 -0.14826182573 -0.17863927717 1.366106877314 -4.27591374802 -0.37088604413 0.140204761575 1.450924118145 -1.0          
10   -1.23550832967 -0.46623578153 0.113124184472 0.589497256120 -3.23969470588 10.47127960364 1.432869462156 -1.83321188920 0.572639706726 1.751084045537 -1.0          
11   1.836898465790 -0.47984121178 0.255801644692 -0.62154902846 2.154820105526 -7.53972194084 -1.76026116538 1.210182906736 1.319139919961 0.177626288602 -5.34393058723 -1.0          
12   -0.67264717964 0.424945439994 -0.19866994646 0.202195390385 -0.26465064081 1.179576771691 0.666177053896 0.184864707875 0.815620450220 -0.45299208682 0.030762206682 -5.85129697788 -1.0          
13   0.672452127233 -0.42501139271 0.198682364382 -0.20210015025 0.264181192756 -1.17804656197 -0.66612405149 -0.18488699893 -0.81554033994 0.452897347326 -0.03052435202 -1.90620270692 1.000000013445 -1.0          
Correlation matrix from Choleski decomposition :
#    0              1              2              3              4              5              6              7              8              9              10             11             12             13            
0    1.0           
1    0.831151828410 -1.0          
2    -0.30688501382 0.998065431147 -1.0          
3    -0.46646173504 -1.36799843938 1.194417947053 -1.0          
4    3.219434570838 4.134745304703 -2.79312789512 1.051157449030 -1.0          
5    -10.2605294277 -12.1773810210 8.608965675081 -1.73910515323 1.017430851143 1.0           
6    -0.99015790361 0.718406956417 0.002152641927 -0.38781481136 1.562468460632 -5.28939848299 -1.0          
7    0.083368598306 -0.10274983500 0.047845848060 -0.02577924661 -0.02031991449 0.003843040444 -0.07624866246 1.0           
8    -0.28202164758 -0.64324628854 0.229436172138 0.233406033192 -1.94975655646 6.048948895104 0.410026943923 1.577330160220 1.0           
9    0.284851007754 0.413667417777 -0.14826182573 -0.17863927717 1.366106877314 -4.27591374802 -0.37088604413 0.140204761575 1.450924118145 -1.0          
10   -1.23550832967 -0.46623578153 0.113124184472 0.589497256120 -3.23969470588 10.47127960364 1.432869462156 -1.83321188920 0.572639706726 1.751084045537 -1.0          
11   1.836898465790 -0.47984121178 0.255801644692 -0.62154902846 2.154820105526 -7.53972194084 -1.76026116538 1.210182906736 1.319139919961 0.177626288602 -5.34393058723 -1.0          
12   -0.67264717964 0.424945439994 -0.19866994646 0.202195390385 -0.26465064081 1.179576771691 0.666177053896 0.184864707875 0.815620450220 -0.45299208682 0.030762206682 -5.85129697788 -1.0          
13   0.672452127233 -0.42501139271 0.198682364382 -0.20210015025 0.264181192756 -1.17804656197 -0.66612405149 -0.18488699893 -0.81554033994 0.452897347326 -0.03052435202 -1.90620270692 1.000000013445 -1.0          
