Jacobi matrix :
#    0              1              2              3              4              5              6              7              8              9              10             11             12             13            
0    1312785.831728
1    9176.342304529 7662.707490017
2    58063.90424462 44635.28894023 289122.5943334
3    382370.3880828 289295.7436613 2012238.828105 1.468820834805
4    2604823.343688 2013836.981785 1.469107579785 1.108157455757 8.559611378048
5    1.824798357881 1.470381275118 1.108454382896 8.560233758523 6.729047513408 5.362084647599
6    -4312368.99279 1052338.600521 6061285.434629 3.838419050787 2.613429867223 1.875902439332 2.964442789374
7    1417.528151072 -0.34736479007 -80.4330731694 -966.397745656 -9162.53559580 -80302.6965710 14976.13297741 386132.5866131
8    -309.544804611 -47.5587694664 -265.103566692 -1577.52466599 -10123.1022703 -69967.7696583 13951.36135539 11301.03488290 348838.4070702
9    1348184.131260 5118.503472712 37530.81591966 266895.9067506 1831853.410751 1.217006120423 1993968.881212 -90728.3155137 250954.6687247 3.523764889976
10   71608.84844658 1201.341124957 5782.683920381 27193.07248858 90039.88360476 -238010.440580 -5132644.08480 -180643.842303 222715.1480505 6.149827570481 8.143182662880
11   -18.0295499713 -1.90794608796 -10.1390410302 -59.6652177173 -382.446896934 -2620.20366753 -327.050195639 -0.28208295163 0.088599427901 54.37291613294 8.001074461043 0.007523343116
12   217.3699531158 339.1233538338 2154.058922885 14789.82899312 107272.3468279 808618.5009442 649461.0976212 -283.244950986 -6135.91373642 -116384.144584 -35451.4749704 -2.07892424407 56251.40362401
13   5564.416423567 -1820.70598905 -12384.3759874 -88866.0994969 -662683.696948 -5083647.51778 -3064442.73973 -8.61684954449 41.80545449270 -18647.7188835 1629.717130530 0.046045731998 -440.665461121 4884.048240958
Correlation matrix:
#    0              1              2              3              4              5              6              7              8              9              10             11             12             13            
0    1.0           
1    0.600236083309 -1.0          
2    -0.21347909790 0.994618692794 -1.0          
3    -0.49899653115 -1.33818962473 1.193847186858 -1.0          
4    3.007260465942 3.938859710127 -2.72516674835 1.003225189524 -1.0          
5    -7.26439573805 -8.61139709403 6.264702263311 -1.13007745492 0.674025841726 1.0           
6    -1.34444213646 1.052066726590 -0.09075474211 -0.35090784129 1.632159644756 -4.06584107577 -1.0          
7    -0.19652015246 0.179972984552 -0.07652744476 0.052553233807 0.040797262171 0.004397425251 0.249306361939 1.0           
8    -0.57635364745 -0.15808666977 0.034276057893 0.291180306916 -1.50572847533 3.677553109222 0.861143712450 1.349043605547 1.0           
9    0.341467860078 0.408537979749 -0.14572729409 -0.21891492642 1.527550385823 -3.60979708073 -0.55031345465 -0.21918141420 0.632310142179 -1.0          
10   -0.84886930274 -0.53594059347 0.170359454018 0.475716506744 -2.84557548324 6.826666855986 1.322632272025 -1.38613391419 0.459217370042 1.591949124250 -1.0          
11   2.870507031399 -0.66554563442 0.408837149704 -1.23071752533 4.390404813391 -11.3275832753 -3.98546420886 -2.71131607378 -3.14863883095 -0.17593255665 -2.62938272296 -1.0          
12   -0.35033570085 0.381296838622 -0.16282200641 0.091280419358 0.136549777594 -0.13607378069 0.445902745434 -0.51915886572 -0.11729481095 -0.51190817340 0.393646490128 -5.54219075162 -1.0          
13   0.350185365399 -0.38135334629 0.162834729873 -0.09119870430 -0.13695569468 0.137065692678 -0.44583680875 0.519152364786 0.117360383838 0.511832011741 -0.39348457135 -3.67577629419 1.000000010084 -1.0          
Correlation matrix from Choleski decomposition :
#    0              1              2              3              4              5              6              7              8              9              10             11             12             13            
0    1.0           
1    0.600236083309 -1.0          
2    -0.21347909790 0.994618692794 -1.0          
3    -0.49899653115 -1.33818962473 1.193847186858 -1.0          
4    3.007260465942 3.938859710127 -2.72516674835 1.003225189524 -1.0          
5    -7.26439573805 -8.61139709403 6.264702263311 -1.13007745492 0.674025841726 1.0           
6    -1.34444213646 1.052066726590 -0.09075474211 -0.35090784129 1.632159644756 -4.06584107577 -1.0          
7    -0.19652015246 0.179972984552 -0.07652744476 0.052553233807 0.040797262171 0.004397425251 0.249306361939 1.0           
8    -0.57635364745 -0.15808666977 0.034276057893 0.291180306916 -1.50572847533 3.677553109222 0.861143712450 1.349043605547 1.0           
9    0.341467860078 0.408537979749 -0.14572729409 -0.21891492642 1.527550385823 -3.60979708073 -0.55031345465 -0.21918141420 0.632310142179 -1.0          
10   -0.84886930274 -0.53594059347 0.170359454018 0.475716506744 -2.84557548324 6.826666855986 1.322632272025 -1.38613391419 0.459217370042 1.591949124250 -1.0          
11   2.870507031399 -0.66554563442 0.408837149704 -1.23071752533 4.390404813391 -11.3275832753 -3.98546420886 -2.71131607378 -3.14863883095 -0.17593255665 -2.62938272296 -1.0          
12   -0.35033570085 0.381296838622 -0.16282200641 0.091280419358 0.136549777594 -0.13607378069 0.445902745434 -0.51915886572 -0.11729481095 -0.51190817340 0.393646490128 -5.54219075162 -1.0          
13   0.350185365399 -0.38135334629 0.162834729873 -0.09119870430 -0.13695569468 0.137065692678 -0.44583680875 0.519152364786 0.117360383838 0.511832011741 -0.39348457135 -3.67577629419 1.000000010084 -1.0          
